{"C:\\Users\\erica\\SWD42REPO\\SWD42\\server\\db.js": {"path":"C:\\Users\\erica\\SWD42REPO\\SWD42\\server\\db.js","statementMap":{"0":{"start":{"line":1,"column":14},"end":{"line":1,"column":31}},"1":{"start":{"line":2,"column":15},"end":{"line":2,"column":19}},"2":{"start":{"line":13,"column":20},"end":{"line":18,"column":4}},"3":{"start":{"line":21,"column":0},"end":{"line":24,"column":3}},"4":{"start":{"line":22,"column":4},"end":{"line":22,"column":23}},"5":{"start":{"line":22,"column":13},"end":{"line":22,"column":23}},"6":{"start":{"line":23,"column":4},"end":{"line":23,"column":42}},"7":{"start":{"line":29,"column":8},"end":{"line":29,"column":53}},"8":{"start":{"line":34,"column":8},"end":{"line":55,"column":9}},"9":{"start":{"line":35,"column":12},"end":{"line":37,"column":13}},"10":{"start":{"line":36,"column":16},"end":{"line":36,"column":60}},"11":{"start":{"line":38,"column":26},"end":{"line":38,"column":146}},"12":{"start":{"line":39,"column":31},"end":{"line":39,"column":51}},"13":{"start":{"line":41,"column":29},"end":{"line":50,"column":14}},"14":{"start":{"line":42,"column":16},"end":{"line":49,"column":19}},"15":{"start":{"line":43,"column":20},"end":{"line":47,"column":21}},"16":{"start":{"line":44,"column":24},"end":{"line":44,"column":82}},"17":{"start":{"line":45,"column":24},"end":{"line":45,"column":68}},"18":{"start":{"line":46,"column":24},"end":{"line":46,"column":31}},"19":{"start":{"line":48,"column":20},"end":{"line":48,"column":45}},"20":{"start":{"line":51,"column":12},"end":{"line":51,"column":49}},"21":{"start":{"line":53,"column":12},"end":{"line":53,"column":43}},"22":{"start":{"line":54,"column":12},"end":{"line":54,"column":24}},"23":{"start":{"line":64,"column":8},"end":{"line":86,"column":9}},"24":{"start":{"line":66,"column":12},"end":{"line":68,"column":13}},"25":{"start":{"line":67,"column":16},"end":{"line":67,"column":71}},"26":{"start":{"line":70,"column":26},"end":{"line":70,"column":114}},"27":{"start":{"line":71,"column":31},"end":{"line":71,"column":51}},"28":{"start":{"line":73,"column":29},"end":{"line":82,"column":14}},"29":{"start":{"line":74,"column":16},"end":{"line":81,"column":19}},"30":{"start":{"line":75,"column":20},"end":{"line":79,"column":21}},"31":{"start":{"line":76,"column":24},"end":{"line":76,"column":78}},"32":{"start":{"line":77,"column":24},"end":{"line":77,"column":55}},"33":{"start":{"line":78,"column":24},"end":{"line":78,"column":31}},"34":{"start":{"line":80,"column":20},"end":{"line":80,"column":36}},"35":{"start":{"line":83,"column":12},"end":{"line":83,"column":28}},"36":{"start":{"line":85,"column":12},"end":{"line":85,"column":24}},"37":{"start":{"line":91,"column":8},"end":{"line":107,"column":9}},"38":{"start":{"line":93,"column":12},"end":{"line":95,"column":13}},"39":{"start":{"line":94,"column":16},"end":{"line":94,"column":57}},"40":{"start":{"line":97,"column":29},"end":{"line":103,"column":14}},"41":{"start":{"line":98,"column":30},"end":{"line":98,"column":87}},"42":{"start":{"line":99,"column":16},"end":{"line":102,"column":19}},"43":{"start":{"line":100,"column":20},"end":{"line":100,"column":60}},"44":{"start":{"line":100,"column":29},"end":{"line":100,"column":60}},"45":{"start":{"line":101,"column":20},"end":{"line":101,"column":49}},"46":{"start":{"line":104,"column":12},"end":{"line":104,"column":28}},"47":{"start":{"line":106,"column":12},"end":{"line":106,"column":24}},"48":{"start":{"line":112,"column":8},"end":{"line":134,"column":9}},"49":{"start":{"line":114,"column":12},"end":{"line":116,"column":13}},"50":{"start":{"line":115,"column":16},"end":{"line":115,"column":85}},"51":{"start":{"line":118,"column":26},"end":{"line":118,"column":95}},"52":{"start":{"line":119,"column":31},"end":{"line":119,"column":51}},"53":{"start":{"line":121,"column":29},"end":{"line":130,"column":14}},"54":{"start":{"line":122,"column":16},"end":{"line":129,"column":19}},"55":{"start":{"line":123,"column":20},"end":{"line":127,"column":21}},"56":{"start":{"line":124,"column":24},"end":{"line":124,"column":82}},"57":{"start":{"line":125,"column":24},"end":{"line":125,"column":70}},"58":{"start":{"line":126,"column":24},"end":{"line":126,"column":31}},"59":{"start":{"line":128,"column":20},"end":{"line":128,"column":45}},"60":{"start":{"line":131,"column":12},"end":{"line":131,"column":49}},"61":{"start":{"line":133,"column":12},"end":{"line":133,"column":24}},"62":{"start":{"line":143,"column":8},"end":{"line":166,"column":9}},"63":{"start":{"line":145,"column":12},"end":{"line":147,"column":13}},"64":{"start":{"line":146,"column":16},"end":{"line":146,"column":60}},"65":{"start":{"line":149,"column":26},"end":{"line":149,"column":151}},"66":{"start":{"line":150,"column":31},"end":{"line":150,"column":51}},"67":{"start":{"line":152,"column":29},"end":{"line":162,"column":14}},"68":{"start":{"line":153,"column":30},"end":{"line":153,"column":155}},"69":{"start":{"line":154,"column":16},"end":{"line":161,"column":19}},"70":{"start":{"line":155,"column":20},"end":{"line":159,"column":21}},"71":{"start":{"line":156,"column":24},"end":{"line":156,"column":73}},"72":{"start":{"line":157,"column":24},"end":{"line":157,"column":36}},"73":{"start":{"line":158,"column":24},"end":{"line":158,"column":31}},"74":{"start":{"line":160,"column":20},"end":{"line":160,"column":63}},"75":{"start":{"line":163,"column":12},"end":{"line":163,"column":28}},"76":{"start":{"line":165,"column":12},"end":{"line":165,"column":24}},"77":{"start":{"line":171,"column":8},"end":{"line":193,"column":9}},"78":{"start":{"line":173,"column":12},"end":{"line":175,"column":13}},"79":{"start":{"line":174,"column":16},"end":{"line":174,"column":57}},"80":{"start":{"line":177,"column":26},"end":{"line":177,"column":79}},"81":{"start":{"line":178,"column":31},"end":{"line":178,"column":51}},"82":{"start":{"line":180,"column":29},"end":{"line":189,"column":14}},"83":{"start":{"line":181,"column":16},"end":{"line":188,"column":19}},"84":{"start":{"line":182,"column":20},"end":{"line":186,"column":21}},"85":{"start":{"line":183,"column":24},"end":{"line":183,"column":78}},"86":{"start":{"line":184,"column":24},"end":{"line":184,"column":39}},"87":{"start":{"line":185,"column":24},"end":{"line":185,"column":31}},"88":{"start":{"line":187,"column":20},"end":{"line":187,"column":53}},"89":{"start":{"line":190,"column":12},"end":{"line":190,"column":28}},"90":{"start":{"line":192,"column":12},"end":{"line":192,"column":24}},"91":{"start":{"line":200,"column":8},"end":{"line":221,"column":9}},"92":{"start":{"line":202,"column":26},"end":{"line":202,"column":68}},"93":{"start":{"line":203,"column":31},"end":{"line":203,"column":51}},"94":{"start":{"line":205,"column":29},"end":{"line":215,"column":10}},"95":{"start":{"line":206,"column":16},"end":{"line":214,"column":15}},"96":{"start":{"line":207,"column":20},"end":{"line":211,"column":21}},"97":{"start":{"line":208,"column":24},"end":{"line":208,"column":89}},"98":{"start":{"line":209,"column":24},"end":{"line":209,"column":36}},"99":{"start":{"line":210,"column":24},"end":{"line":210,"column":31}},"100":{"start":{"line":212,"column":20},"end":{"line":212,"column":66}},"101":{"start":{"line":216,"column":12},"end":{"line":216,"column":33}},"102":{"start":{"line":217,"column":12},"end":{"line":217,"column":50}},"103":{"start":{"line":218,"column":12},"end":{"line":218,"column":28}},"104":{"start":{"line":220,"column":12},"end":{"line":220,"column":24}},"105":{"start":{"line":226,"column":8},"end":{"line":251,"column":9}},"106":{"start":{"line":228,"column":12},"end":{"line":230,"column":13}},"107":{"start":{"line":229,"column":16},"end":{"line":229,"column":57}},"108":{"start":{"line":233,"column":26},"end":{"line":233,"column":126}},"109":{"start":{"line":236,"column":31},"end":{"line":236,"column":51}},"110":{"start":{"line":237,"column":29},"end":{"line":246,"column":14}},"111":{"start":{"line":238,"column":16},"end":{"line":245,"column":19}},"112":{"start":{"line":239,"column":20},"end":{"line":243,"column":21}},"113":{"start":{"line":240,"column":24},"end":{"line":240,"column":75}},"114":{"start":{"line":241,"column":24},"end":{"line":241,"column":39}},"115":{"start":{"line":242,"column":24},"end":{"line":242,"column":31}},"116":{"start":{"line":244,"column":20},"end":{"line":244,"column":53}},"117":{"start":{"line":248,"column":12},"end":{"line":248,"column":28}},"118":{"start":{"line":250,"column":12},"end":{"line":250,"column":24}},"119":{"start":{"line":259,"column":4},"end":{"line":281,"column":9}},"120":{"start":{"line":261,"column":8},"end":{"line":263,"column":9}},"121":{"start":{"line":262,"column":12},"end":{"line":262,"column":53}},"122":{"start":{"line":265,"column":22},"end":{"line":265,"column":67}},"123":{"start":{"line":266,"column":27},"end":{"line":266,"column":47}},"124":{"start":{"line":268,"column":25},"end":{"line":277,"column":10}},"125":{"start":{"line":269,"column":12},"end":{"line":276,"column":15}},"126":{"start":{"line":270,"column":16},"end":{"line":274,"column":17}},"127":{"start":{"line":271,"column":20},"end":{"line":271,"column":74}},"128":{"start":{"line":272,"column":20},"end":{"line":272,"column":51}},"129":{"start":{"line":273,"column":20},"end":{"line":273,"column":27}},"130":{"start":{"line":275,"column":16},"end":{"line":275,"column":32}},"131":{"start":{"line":278,"column":8},"end":{"line":278,"column":24}},"132":{"start":{"line":280,"column":12},"end":{"line":280,"column":24}},"133":{"start":{"line":285,"column":4},"end":{"line":307,"column":9}},"134":{"start":{"line":287,"column":8},"end":{"line":289,"column":9}},"135":{"start":{"line":288,"column":12},"end":{"line":288,"column":66}},"136":{"start":{"line":291,"column":22},"end":{"line":291,"column":83}},"137":{"start":{"line":292,"column":27},"end":{"line":292,"column":47}},"138":{"start":{"line":294,"column":25},"end":{"line":303,"column":10}},"139":{"start":{"line":295,"column":12},"end":{"line":302,"column":15}},"140":{"start":{"line":296,"column":16},"end":{"line":300,"column":17}},"141":{"start":{"line":297,"column":20},"end":{"line":297,"column":74}},"142":{"start":{"line":298,"column":20},"end":{"line":298,"column":51}},"143":{"start":{"line":299,"column":20},"end":{"line":299,"column":27}},"144":{"start":{"line":301,"column":16},"end":{"line":301,"column":59}},"145":{"start":{"line":304,"column":8},"end":{"line":304,"column":24}},"146":{"start":{"line":306,"column":12},"end":{"line":306,"column":24}},"147":{"start":{"line":311,"column":8},"end":{"line":333,"column":9}},"148":{"start":{"line":313,"column":12},"end":{"line":315,"column":13}},"149":{"start":{"line":314,"column":16},"end":{"line":314,"column":84}},"150":{"start":{"line":317,"column":26},"end":{"line":317,"column":104}},"151":{"start":{"line":318,"column":31},"end":{"line":318,"column":51}},"152":{"start":{"line":320,"column":29},"end":{"line":329,"column":14}},"153":{"start":{"line":321,"column":16},"end":{"line":328,"column":19}},"154":{"start":{"line":322,"column":20},"end":{"line":326,"column":21}},"155":{"start":{"line":323,"column":24},"end":{"line":323,"column":78}},"156":{"start":{"line":324,"column":24},"end":{"line":324,"column":55}},"157":{"start":{"line":325,"column":24},"end":{"line":325,"column":31}},"158":{"start":{"line":327,"column":20},"end":{"line":327,"column":63}},"159":{"start":{"line":330,"column":12},"end":{"line":330,"column":28}},"160":{"start":{"line":332,"column":12},"end":{"line":332,"column":24}},"161":{"start":{"line":340,"column":8},"end":{"line":369,"column":9}},"162":{"start":{"line":341,"column":12},"end":{"line":343,"column":13}},"163":{"start":{"line":342,"column":16},"end":{"line":342,"column":56}},"164":{"start":{"line":346,"column":12},"end":{"line":352,"column":13}},"165":{"start":{"line":347,"column":16},"end":{"line":347,"column":65}},"166":{"start":{"line":348,"column":19},"end":{"line":352,"column":13}},"167":{"start":{"line":349,"column":16},"end":{"line":349,"column":63}},"168":{"start":{"line":350,"column":19},"end":{"line":352,"column":13}},"169":{"start":{"line":351,"column":16},"end":{"line":351,"column":66}},"170":{"start":{"line":354,"column":31},"end":{"line":354,"column":51}},"171":{"start":{"line":356,"column":12},"end":{"line":365,"column":15}},"172":{"start":{"line":357,"column":16},"end":{"line":364,"column":19}},"173":{"start":{"line":358,"column":20},"end":{"line":362,"column":21}},"174":{"start":{"line":359,"column":24},"end":{"line":359,"column":81}},"175":{"start":{"line":360,"column":24},"end":{"line":360,"column":36}},"176":{"start":{"line":361,"column":24},"end":{"line":361,"column":31}},"177":{"start":{"line":363,"column":20},"end":{"line":363,"column":36}},"178":{"start":{"line":366,"column":12},"end":{"line":366,"column":24}},"179":{"start":{"line":368,"column":12},"end":{"line":368,"column":24}},"180":{"start":{"line":373,"column":8},"end":{"line":373,"column":26}},"181":{"start":{"line":377,"column":8},"end":{"line":382,"column":9}},"182":{"start":{"line":378,"column":12},"end":{"line":378,"column":35}},"183":{"start":{"line":379,"column":12},"end":{"line":379,"column":54}},"184":{"start":{"line":381,"column":12},"end":{"line":381,"column":72}},"185":{"start":{"line":386,"column":0},"end":{"line":386,"column":27}}},"fnMap":{"0":{"name":"(anonymous_0)","decl":{"start":{"line":21,"column":19},"end":{"line":21,"column":20}},"loc":{"start":{"line":21,"column":28},"end":{"line":24,"column":1}},"line":21},"1":{"name":"(anonymous_1)","decl":{"start":{"line":28,"column":4},"end":{"line":28,"column":5}},"loc":{"start":{"line":28,"column":34},"end":{"line":30,"column":5}},"line":28},"2":{"name":"(anonymous_2)","decl":{"start":{"line":33,"column":4},"end":{"line":33,"column":5}},"loc":{"start":{"line":33,"column":100},"end":{"line":56,"column":5}},"line":33},"3":{"name":"(anonymous_3)","decl":{"start":{"line":41,"column":47},"end":{"line":41,"column":48}},"loc":{"start":{"line":41,"column":68},"end":{"line":50,"column":13}},"line":41},"4":{"name":"(anonymous_4)","decl":{"start":{"line":42,"column":116},"end":{"line":42,"column":117}},"loc":{"start":{"line":42,"column":133},"end":{"line":49,"column":17}},"line":42},"5":{"name":"(anonymous_5)","decl":{"start":{"line":63,"column":4},"end":{"line":63,"column":5}},"loc":{"start":{"line":63,"column":47},"end":{"line":87,"column":5}},"line":63},"6":{"name":"(anonymous_6)","decl":{"start":{"line":73,"column":47},"end":{"line":73,"column":48}},"loc":{"start":{"line":73,"column":68},"end":{"line":82,"column":13}},"line":73},"7":{"name":"(anonymous_7)","decl":{"start":{"line":74,"column":62},"end":{"line":74,"column":63}},"loc":{"start":{"line":74,"column":79},"end":{"line":81,"column":17}},"line":74},"8":{"name":"(anonymous_8)","decl":{"start":{"line":90,"column":4},"end":{"line":90,"column":5}},"loc":{"start":{"line":90,"column":40},"end":{"line":108,"column":5}},"line":90},"9":{"name":"(anonymous_9)","decl":{"start":{"line":97,"column":47},"end":{"line":97,"column":48}},"loc":{"start":{"line":97,"column":68},"end":{"line":103,"column":13}},"line":97},"10":{"name":"(anonymous_10)","decl":{"start":{"line":99,"column":52},"end":{"line":99,"column":53}},"loc":{"start":{"line":99,"column":69},"end":{"line":102,"column":17}},"line":99},"11":{"name":"(anonymous_11)","decl":{"start":{"line":111,"column":4},"end":{"line":111,"column":5}},"loc":{"start":{"line":111,"column":56},"end":{"line":135,"column":5}},"line":111},"12":{"name":"(anonymous_12)","decl":{"start":{"line":121,"column":47},"end":{"line":121,"column":48}},"loc":{"start":{"line":121,"column":68},"end":{"line":130,"column":13}},"line":121},"13":{"name":"(anonymous_13)","decl":{"start":{"line":122,"column":75},"end":{"line":122,"column":76}},"loc":{"start":{"line":122,"column":92},"end":{"line":129,"column":17}},"line":122},"14":{"name":"(anonymous_14)","decl":{"start":{"line":142,"column":4},"end":{"line":142,"column":5}},"loc":{"start":{"line":142,"column":97},"end":{"line":167,"column":5}},"line":142},"15":{"name":"(anonymous_15)","decl":{"start":{"line":152,"column":47},"end":{"line":152,"column":48}},"loc":{"start":{"line":152,"column":68},"end":{"line":162,"column":13}},"line":152},"16":{"name":"(anonymous_16)","decl":{"start":{"line":154,"column":118},"end":{"line":154,"column":119}},"loc":{"start":{"line":154,"column":135},"end":{"line":161,"column":17}},"line":154},"17":{"name":"(anonymous_17)","decl":{"start":{"line":170,"column":4},"end":{"line":170,"column":5}},"loc":{"start":{"line":170,"column":37},"end":{"line":194,"column":5}},"line":170},"18":{"name":"(anonymous_18)","decl":{"start":{"line":180,"column":47},"end":{"line":180,"column":48}},"loc":{"start":{"line":180,"column":68},"end":{"line":189,"column":13}},"line":180},"19":{"name":"(anonymous_19)","decl":{"start":{"line":181,"column":52},"end":{"line":181,"column":53}},"loc":{"start":{"line":181,"column":69},"end":{"line":188,"column":17}},"line":181},"20":{"name":"(anonymous_20)","decl":{"start":{"line":199,"column":4},"end":{"line":199,"column":5}},"loc":{"start":{"line":199,"column":35},"end":{"line":222,"column":5}},"line":199},"21":{"name":"(anonymous_21)","decl":{"start":{"line":205,"column":47},"end":{"line":205,"column":48}},"loc":{"start":{"line":205,"column":68},"end":{"line":215,"column":9}},"line":205},"22":{"name":"(anonymous_22)","decl":{"start":{"line":206,"column":52},"end":{"line":206,"column":53}},"loc":{"start":{"line":206,"column":69},"end":{"line":214,"column":13}},"line":206},"23":{"name":"(anonymous_23)","decl":{"start":{"line":225,"column":4},"end":{"line":225,"column":5}},"loc":{"start":{"line":225,"column":72},"end":{"line":252,"column":5}},"line":225},"24":{"name":"(anonymous_24)","decl":{"start":{"line":237,"column":47},"end":{"line":237,"column":48}},"loc":{"start":{"line":237,"column":68},"end":{"line":246,"column":13}},"line":237},"25":{"name":"(anonymous_25)","decl":{"start":{"line":238,"column":90},"end":{"line":238,"column":91}},"loc":{"start":{"line":238,"column":107},"end":{"line":245,"column":17}},"line":238},"26":{"name":"(anonymous_26)","decl":{"start":{"line":258,"column":4},"end":{"line":258,"column":5}},"loc":{"start":{"line":258,"column":35},"end":{"line":282,"column":5}},"line":258},"27":{"name":"(anonymous_27)","decl":{"start":{"line":268,"column":43},"end":{"line":268,"column":44}},"loc":{"start":{"line":268,"column":64},"end":{"line":277,"column":9}},"line":268},"28":{"name":"(anonymous_28)","decl":{"start":{"line":269,"column":48},"end":{"line":269,"column":49}},"loc":{"start":{"line":269,"column":65},"end":{"line":276,"column":13}},"line":269},"29":{"name":"(anonymous_29)","decl":{"start":{"line":284,"column":4},"end":{"line":284,"column":5}},"loc":{"start":{"line":284,"column":41},"end":{"line":308,"column":5}},"line":284},"30":{"name":"(anonymous_30)","decl":{"start":{"line":294,"column":43},"end":{"line":294,"column":44}},"loc":{"start":{"line":294,"column":64},"end":{"line":303,"column":9}},"line":294},"31":{"name":"(anonymous_31)","decl":{"start":{"line":295,"column":57},"end":{"line":295,"column":58}},"loc":{"start":{"line":295,"column":74},"end":{"line":302,"column":13}},"line":295},"32":{"name":"(anonymous_32)","decl":{"start":{"line":310,"column":4},"end":{"line":310,"column":5}},"loc":{"start":{"line":310,"column":53},"end":{"line":334,"column":5}},"line":310},"33":{"name":"(anonymous_33)","decl":{"start":{"line":320,"column":47},"end":{"line":320,"column":48}},"loc":{"start":{"line":320,"column":68},"end":{"line":329,"column":13}},"line":320},"34":{"name":"(anonymous_34)","decl":{"start":{"line":321,"column":72},"end":{"line":321,"column":73}},"loc":{"start":{"line":321,"column":89},"end":{"line":328,"column":17}},"line":321},"35":{"name":"(anonymous_35)","decl":{"start":{"line":339,"column":4},"end":{"line":339,"column":5}},"loc":{"start":{"line":339,"column":43},"end":{"line":370,"column":5}},"line":339},"36":{"name":"(anonymous_36)","decl":{"start":{"line":356,"column":30},"end":{"line":356,"column":31}},"loc":{"start":{"line":356,"column":51},"end":{"line":365,"column":13}},"line":356},"37":{"name":"(anonymous_37)","decl":{"start":{"line":357,"column":52},"end":{"line":357,"column":53}},"loc":{"start":{"line":357,"column":69},"end":{"line":364,"column":17}},"line":357},"38":{"name":"(anonymous_38)","decl":{"start":{"line":372,"column":4},"end":{"line":372,"column":5}},"loc":{"start":{"line":372,"column":20},"end":{"line":374,"column":5}},"line":372},"39":{"name":"(anonymous_39)","decl":{"start":{"line":376,"column":4},"end":{"line":376,"column":5}},"loc":{"start":{"line":376,"column":28},"end":{"line":383,"column":5}},"line":376}},"branchMap":{"0":{"loc":{"start":{"line":22,"column":4},"end":{"line":22,"column":23}},"type":"if","locations":[{"start":{"line":22,"column":4},"end":{"line":22,"column":23}},{"start":{},"end":{}}],"line":22},"1":{"loc":{"start":{"line":29,"column":15},"end":{"line":29,"column":52}},"type":"cond-expr","locations":[{"start":{"line":29,"column":26},"end":{"line":29,"column":34}},{"start":{"line":29,"column":37},"end":{"line":29,"column":52}}],"line":29},"2":{"loc":{"start":{"line":35,"column":12},"end":{"line":37,"column":13}},"type":"if","locations":[{"start":{"line":35,"column":12},"end":{"line":37,"column":13}},{"start":{},"end":{}}],"line":35},"3":{"loc":{"start":{"line":35,"column":16},"end":{"line":35,"column":105}},"type":"binary-expr","locations":[{"start":{"line":35,"column":16},"end":{"line":35,"column":23}},{"start":{"line":35,"column":27},"end":{"line":35,"column":40}},{"start":{"line":35,"column":44},"end":{"line":35,"column":60}},{"start":{"line":35,"column":64},"end":{"line":35,"column":79}},{"start":{"line":35,"column":83},"end":{"line":35,"column":92}},{"start":{"line":35,"column":96},"end":{"line":35,"column":105}}],"line":35},"4":{"loc":{"start":{"line":43,"column":20},"end":{"line":47,"column":21}},"type":"if","locations":[{"start":{"line":43,"column":20},"end":{"line":47,"column":21}},{"start":{},"end":{}}],"line":43},"5":{"loc":{"start":{"line":51,"column":19},"end":{"line":51,"column":48}},"type":"cond-expr","locations":[{"start":{"line":51,"column":36},"end":{"line":51,"column":41}},{"start":{"line":51,"column":44},"end":{"line":51,"column":48}}],"line":51},"6":{"loc":{"start":{"line":66,"column":12},"end":{"line":68,"column":13}},"type":"if","locations":[{"start":{"line":66,"column":12},"end":{"line":68,"column":13}},{"start":{},"end":{}}],"line":66},"7":{"loc":{"start":{"line":66,"column":16},"end":{"line":66,"column":38}},"type":"binary-expr","locations":[{"start":{"line":66,"column":16},"end":{"line":66,"column":25}},{"start":{"line":66,"column":29},"end":{"line":66,"column":38}}],"line":66},"8":{"loc":{"start":{"line":75,"column":20},"end":{"line":79,"column":21}},"type":"if","locations":[{"start":{"line":75,"column":20},"end":{"line":79,"column":21}},{"start":{},"end":{}}],"line":75},"9":{"loc":{"start":{"line":93,"column":12},"end":{"line":95,"column":13}},"type":"if","locations":[{"start":{"line":93,"column":12},"end":{"line":95,"column":13}},{"start":{},"end":{}}],"line":93},"10":{"loc":{"start":{"line":100,"column":20},"end":{"line":100,"column":60}},"type":"if","locations":[{"start":{"line":100,"column":20},"end":{"line":100,"column":60}},{"start":{},"end":{}}],"line":100},"11":{"loc":{"start":{"line":114,"column":12},"end":{"line":116,"column":13}},"type":"if","locations":[{"start":{"line":114,"column":12},"end":{"line":116,"column":13}},{"start":{},"end":{}}],"line":114},"12":{"loc":{"start":{"line":114,"column":16},"end":{"line":114,"column":67}},"type":"binary-expr","locations":[{"start":{"line":114,"column":16},"end":{"line":114,"column":25}},{"start":{"line":114,"column":29},"end":{"line":114,"column":38}},{"start":{"line":114,"column":42},"end":{"line":114,"column":67}}],"line":114},"13":{"loc":{"start":{"line":123,"column":20},"end":{"line":127,"column":21}},"type":"if","locations":[{"start":{"line":123,"column":20},"end":{"line":127,"column":21}},{"start":{},"end":{}}],"line":123},"14":{"loc":{"start":{"line":131,"column":19},"end":{"line":131,"column":48}},"type":"cond-expr","locations":[{"start":{"line":131,"column":36},"end":{"line":131,"column":41}},{"start":{"line":131,"column":44},"end":{"line":131,"column":48}}],"line":131},"15":{"loc":{"start":{"line":145,"column":12},"end":{"line":147,"column":13}},"type":"if","locations":[{"start":{"line":145,"column":12},"end":{"line":147,"column":13}},{"start":{},"end":{}}],"line":145},"16":{"loc":{"start":{"line":145,"column":16},"end":{"line":145,"column":102}},"type":"binary-expr","locations":[{"start":{"line":145,"column":16},"end":{"line":145,"column":25}},{"start":{"line":145,"column":29},"end":{"line":145,"column":35}},{"start":{"line":145,"column":39},"end":{"line":145,"column":45}},{"start":{"line":145,"column":49},"end":{"line":145,"column":58}},{"start":{"line":145,"column":62},"end":{"line":145,"column":67}},{"start":{"line":145,"column":71},"end":{"line":145,"column":77}},{"start":{"line":145,"column":81},"end":{"line":145,"column":89}},{"start":{"line":145,"column":93},"end":{"line":145,"column":102}}],"line":145},"17":{"loc":{"start":{"line":155,"column":20},"end":{"line":159,"column":21}},"type":"if","locations":[{"start":{"line":155,"column":20},"end":{"line":159,"column":21}},{"start":{},"end":{}}],"line":155},"18":{"loc":{"start":{"line":160,"column":28},"end":{"line":160,"column":61}},"type":"binary-expr","locations":[{"start":{"line":160,"column":28},"end":{"line":160,"column":34}},{"start":{"line":160,"column":38},"end":{"line":160,"column":61}}],"line":160},"19":{"loc":{"start":{"line":173,"column":12},"end":{"line":175,"column":13}},"type":"if","locations":[{"start":{"line":173,"column":12},"end":{"line":175,"column":13}},{"start":{},"end":{}}],"line":173},"20":{"loc":{"start":{"line":182,"column":20},"end":{"line":186,"column":21}},"type":"if","locations":[{"start":{"line":182,"column":20},"end":{"line":186,"column":21}},{"start":{},"end":{}}],"line":182},"21":{"loc":{"start":{"line":207,"column":20},"end":{"line":211,"column":21}},"type":"if","locations":[{"start":{"line":207,"column":20},"end":{"line":211,"column":21}},{"start":{},"end":{}}],"line":207},"22":{"loc":{"start":{"line":212,"column":28},"end":{"line":212,"column":64}},"type":"cond-expr","locations":[{"start":{"line":212,"column":48},"end":{"line":212,"column":57}},{"start":{"line":212,"column":60},"end":{"line":212,"column":64}}],"line":212},"23":{"loc":{"start":{"line":228,"column":12},"end":{"line":230,"column":13}},"type":"if","locations":[{"start":{"line":228,"column":12},"end":{"line":230,"column":13}},{"start":{},"end":{}}],"line":228},"24":{"loc":{"start":{"line":239,"column":20},"end":{"line":243,"column":21}},"type":"if","locations":[{"start":{"line":239,"column":20},"end":{"line":243,"column":21}},{"start":{},"end":{}}],"line":239},"25":{"loc":{"start":{"line":261,"column":8},"end":{"line":263,"column":9}},"type":"if","locations":[{"start":{"line":261,"column":8},"end":{"line":263,"column":9}},{"start":{},"end":{}}],"line":261},"26":{"loc":{"start":{"line":270,"column":16},"end":{"line":274,"column":17}},"type":"if","locations":[{"start":{"line":270,"column":16},"end":{"line":274,"column":17}},{"start":{},"end":{}}],"line":270},"27":{"loc":{"start":{"line":287,"column":8},"end":{"line":289,"column":9}},"type":"if","locations":[{"start":{"line":287,"column":8},"end":{"line":289,"column":9}},{"start":{},"end":{}}],"line":287},"28":{"loc":{"start":{"line":287,"column":12},"end":{"line":287,"column":33}},"type":"binary-expr","locations":[{"start":{"line":287,"column":12},"end":{"line":287,"column":21}},{"start":{"line":287,"column":25},"end":{"line":287,"column":33}}],"line":287},"29":{"loc":{"start":{"line":296,"column":16},"end":{"line":300,"column":17}},"type":"if","locations":[{"start":{"line":296,"column":16},"end":{"line":300,"column":17}},{"start":{},"end":{}}],"line":296},"30":{"loc":{"start":{"line":301,"column":24},"end":{"line":301,"column":57}},"type":"cond-expr","locations":[{"start":{"line":301,"column":44},"end":{"line":301,"column":50}},{"start":{"line":301,"column":53},"end":{"line":301,"column":57}}],"line":301},"31":{"loc":{"start":{"line":313,"column":12},"end":{"line":315,"column":13}},"type":"if","locations":[{"start":{"line":313,"column":12},"end":{"line":315,"column":13}},{"start":{},"end":{}}],"line":313},"32":{"loc":{"start":{"line":313,"column":16},"end":{"line":313,"column":51}},"type":"binary-expr","locations":[{"start":{"line":313,"column":16},"end":{"line":313,"column":25}},{"start":{"line":313,"column":29},"end":{"line":313,"column":39}},{"start":{"line":313,"column":43},"end":{"line":313,"column":51}}],"line":313},"33":{"loc":{"start":{"line":322,"column":20},"end":{"line":326,"column":21}},"type":"if","locations":[{"start":{"line":322,"column":20},"end":{"line":326,"column":21}},{"start":{},"end":{}}],"line":322},"34":{"loc":{"start":{"line":327,"column":28},"end":{"line":327,"column":61}},"type":"cond-expr","locations":[{"start":{"line":327,"column":48},"end":{"line":327,"column":54}},{"start":{"line":327,"column":57},"end":{"line":327,"column":61}}],"line":327},"35":{"loc":{"start":{"line":341,"column":12},"end":{"line":343,"column":13}},"type":"if","locations":[{"start":{"line":341,"column":12},"end":{"line":343,"column":13}},{"start":{},"end":{}}],"line":341},"36":{"loc":{"start":{"line":346,"column":12},"end":{"line":352,"column":13}},"type":"if","locations":[{"start":{"line":346,"column":12},"end":{"line":352,"column":13}},{"start":{"line":348,"column":19},"end":{"line":352,"column":13}}],"line":346},"37":{"loc":{"start":{"line":348,"column":19},"end":{"line":352,"column":13}},"type":"if","locations":[{"start":{"line":348,"column":19},"end":{"line":352,"column":13}},{"start":{"line":350,"column":19},"end":{"line":352,"column":13}}],"line":348},"38":{"loc":{"start":{"line":350,"column":19},"end":{"line":352,"column":13}},"type":"if","locations":[{"start":{"line":350,"column":19},"end":{"line":352,"column":13}},{"start":{},"end":{}}],"line":350},"39":{"loc":{"start":{"line":358,"column":20},"end":{"line":362,"column":21}},"type":"if","locations":[{"start":{"line":358,"column":20},"end":{"line":362,"column":21}},{"start":{},"end":{}}],"line":358}},"s":{"0":5,"1":5,"2":5,"3":5,"4":3,"5":0,"6":3,"7":28,"8":9,"9":9,"10":5,"11":4,"12":4,"13":4,"14":4,"15":4,"16":1,"17":1,"18":1,"19":3,"20":3,"21":6,"22":6,"23":7,"24":7,"25":3,"26":4,"27":4,"28":4,"29":4,"30":4,"31":1,"32":1,"33":1,"34":3,"35":3,"36":4,"37":5,"38":5,"39":1,"40":4,"41":4,"42":4,"43":4,"44":0,"45":4,"46":4,"47":1,"48":7,"49":7,"50":3,"51":4,"52":4,"53":4,"54":4,"55":4,"56":2,"57":2,"58":2,"59":2,"60":2,"61":5,"62":5,"63":5,"64":1,"65":4,"66":4,"67":4,"68":4,"69":4,"70":4,"71":2,"72":2,"73":2,"74":2,"75":2,"76":3,"77":4,"78":4,"79":1,"80":3,"81":3,"82":3,"83":3,"84":3,"85":1,"86":1,"87":1,"88":2,"89":3,"90":1,"91":5,"92":5,"93":5,"94":5,"95":5,"96":5,"97":1,"98":1,"99":1,"100":4,"101":4,"102":4,"103":4,"104":1,"105":6,"106":6,"107":1,"108":5,"109":5,"110":5,"111":5,"112":5,"113":1,"114":1,"115":1,"116":4,"117":5,"118":1,"119":5,"120":5,"121":1,"122":4,"123":4,"124":4,"125":4,"126":4,"127":1,"128":1,"129":1,"130":3,"131":3,"132":2,"133":4,"134":4,"135":1,"136":3,"137":3,"138":3,"139":3,"140":3,"141":1,"142":1,"143":1,"144":2,"145":2,"146":2,"147":6,"148":6,"149":3,"150":3,"151":3,"152":3,"153":3,"154":3,"155":1,"156":1,"157":1,"158":2,"159":2,"160":4,"161":72,"162":72,"163":1,"164":71,"165":23,"166":48,"167":23,"168":25,"169":23,"170":71,"171":71,"172":71,"173":71,"174":1,"175":1,"176":1,"177":70,"178":70,"179":2,"180":91,"181":5,"182":5,"183":5,"184":0,"185":5},"f":{"0":3,"1":28,"2":9,"3":4,"4":4,"5":7,"6":4,"7":4,"8":5,"9":4,"10":4,"11":7,"12":4,"13":4,"14":5,"15":4,"16":4,"17":4,"18":3,"19":3,"20":5,"21":5,"22":5,"23":6,"24":5,"25":5,"26":5,"27":4,"28":4,"29":4,"30":3,"31":3,"32":6,"33":3,"34":3,"35":72,"36":71,"37":71,"38":91,"39":5},"b":{"0":[0,3],"1":[0,28],"2":[5,4],"3":[9,8,7,6,5,5],"4":[1,3],"5":[0,3],"6":[3,4],"7":[7,5],"8":[1,3],"9":[1,4],"10":[0,4],"11":[3,4],"12":[7,6,5],"13":[2,2],"14":[0,2],"15":[1,4],"16":[5,5,5,4,4,4,4,4],"17":[2,2],"18":[2,2],"19":[1,3],"20":[1,2],"21":[1,4],"22":[1,3],"23":[1,5],"24":[1,4],"25":[1,4],"26":[1,3],"27":[1,3],"28":[4,3],"29":[1,2],"30":[0,2],"31":[3,3],"32":[6,5,4],"33":[1,2],"34":[0,2],"35":[1,71],"36":[23,48],"37":[23,25],"38":[23,2],"39":[1,70]},"_coverageSchema":"1a1c01bbd47fc00a2c39e90264f33305004495a9","hash":"35fc49a7af1b7c2ca8da469493b5acd38ce60955"}
,"C:\\Users\\erica\\SWD42REPO\\SWD42\\server\\server.js": {"path":"C:\\Users\\erica\\SWD42REPO\\SWD42\\server\\server.js","statementMap":{"0":{"start":{"line":1,"column":16},"end":{"line":1,"column":34}},"1":{"start":{"line":2,"column":12},"end":{"line":2,"column":21}},"2":{"start":{"line":3,"column":13},"end":{"line":3,"column":28}},"3":{"start":{"line":4,"column":13},"end":{"line":4,"column":36}},"4":{"start":{"line":5,"column":18},"end":{"line":5,"column":33}},"5":{"start":{"line":7,"column":0},"end":{"line":7,"column":16}},"6":{"start":{"line":8,"column":0},"end":{"line":8,"column":19}},"7":{"start":{"line":9,"column":0},"end":{"line":9,"column":24}},"8":{"start":{"line":10,"column":0},"end":{"line":10,"column":49}},"9":{"start":{"line":14,"column":0},"end":{"line":29,"column":3}},"10":{"start":{"line":15,"column":15},"end":{"line":15,"column":47}},"11":{"start":{"line":16,"column":90},"end":{"line":16,"column":98}},"12":{"start":{"line":19,"column":4},"end":{"line":21,"column":5}},"13":{"start":{"line":20,"column":8},"end":{"line":20,"column":89}},"14":{"start":{"line":22,"column":4},"end":{"line":28,"column":5}},"15":{"start":{"line":23,"column":24},"end":{"line":23,"column":123}},"16":{"start":{"line":24,"column":8},"end":{"line":24,"column":39}},"17":{"start":{"line":26,"column":8},"end":{"line":26,"column":61}},"18":{"start":{"line":27,"column":8},"end":{"line":27,"column":67}},"19":{"start":{"line":36,"column":0},"end":{"line":56,"column":3}},"20":{"start":{"line":37,"column":35},"end":{"line":37,"column":43}},"21":{"start":{"line":40,"column":4},"end":{"line":42,"column":5}},"22":{"start":{"line":41,"column":8},"end":{"line":41,"column":88}},"23":{"start":{"line":44,"column":15},"end":{"line":44,"column":47}},"24":{"start":{"line":45,"column":20},"end":{"line":45,"column":59}},"25":{"start":{"line":47,"column":4},"end":{"line":55,"column":11}},"26":{"start":{"line":49,"column":12},"end":{"line":50,"column":70}},"27":{"start":{"line":50,"column":16},"end":{"line":50,"column":70}},"28":{"start":{"line":51,"column":12},"end":{"line":51,"column":85}},"29":{"start":{"line":54,"column":12},"end":{"line":54,"column":66}},"30":{"start":{"line":59,"column":0},"end":{"line":82,"column":3}},"31":{"start":{"line":60,"column":48},"end":{"line":60,"column":56}},"32":{"start":{"line":63,"column":4},"end":{"line":65,"column":5}},"33":{"start":{"line":64,"column":8},"end":{"line":64,"column":102}},"34":{"start":{"line":67,"column":15},"end":{"line":67,"column":47}},"35":{"start":{"line":69,"column":4},"end":{"line":81,"column":5}},"36":{"start":{"line":70,"column":31},"end":{"line":70,"column":69}},"37":{"start":{"line":71,"column":8},"end":{"line":73,"column":9}},"38":{"start":{"line":72,"column":12},"end":{"line":72,"column":77}},"39":{"start":{"line":74,"column":35},"end":{"line":74,"column":89}},"40":{"start":{"line":75,"column":8},"end":{"line":77,"column":9}},"41":{"start":{"line":76,"column":12},"end":{"line":76,"column":85}},"42":{"start":{"line":79,"column":8},"end":{"line":79,"column":29}},"43":{"start":{"line":80,"column":8},"end":{"line":80,"column":74}},"44":{"start":{"line":89,"column":0},"end":{"line":111,"column":3}},"45":{"start":{"line":90,"column":91},"end":{"line":90,"column":99}},"46":{"start":{"line":93,"column":4},"end":{"line":95,"column":5}},"47":{"start":{"line":94,"column":8},"end":{"line":94,"column":77}},"48":{"start":{"line":97,"column":15},"end":{"line":97,"column":47}},"49":{"start":{"line":99,"column":4},"end":{"line":110,"column":5}},"50":{"start":{"line":100,"column":29},"end":{"line":100,"column":124}},"51":{"start":{"line":101,"column":8},"end":{"line":106,"column":9}},"52":{"start":{"line":102,"column":38},"end":{"line":102,"column":73}},"53":{"start":{"line":103,"column":12},"end":{"line":105,"column":13}},"54":{"start":{"line":104,"column":16},"end":{"line":104,"column":111}},"55":{"start":{"line":108,"column":8},"end":{"line":108,"column":29}},"56":{"start":{"line":109,"column":8},"end":{"line":109,"column":74}},"57":{"start":{"line":116,"column":0},"end":{"line":138,"column":3}},"58":{"start":{"line":117,"column":4},"end":{"line":137,"column":5}},"59":{"start":{"line":118,"column":25},"end":{"line":118,"column":43}},"60":{"start":{"line":120,"column":8},"end":{"line":122,"column":9}},"61":{"start":{"line":121,"column":12},"end":{"line":121,"column":92}},"62":{"start":{"line":125,"column":19},"end":{"line":125,"column":51}},"63":{"start":{"line":126,"column":28},"end":{"line":126,"column":61}},"64":{"start":{"line":129,"column":8},"end":{"line":131,"column":9}},"65":{"start":{"line":130,"column":12},"end":{"line":130,"column":79}},"66":{"start":{"line":134,"column":8},"end":{"line":134,"column":49}},"67":{"start":{"line":136,"column":8},"end":{"line":136,"column":74}},"68":{"start":{"line":141,"column":0},"end":{"line":162,"column":3}},"69":{"start":{"line":142,"column":4},"end":{"line":161,"column":5}},"70":{"start":{"line":143,"column":8},"end":{"line":143,"column":48}},"71":{"start":{"line":144,"column":67},"end":{"line":144,"column":75}},"72":{"start":{"line":147,"column":19},"end":{"line":147,"column":51}},"73":{"start":{"line":148,"column":29},"end":{"line":148,"column":99}},"74":{"start":{"line":151,"column":8},"end":{"line":154,"column":9}},"75":{"start":{"line":153,"column":12},"end":{"line":153,"column":85}},"76":{"start":{"line":157,"column":8},"end":{"line":157,"column":52}},"77":{"start":{"line":159,"column":8},"end":{"line":159,"column":29}},"78":{"start":{"line":160,"column":8},"end":{"line":160,"column":74}},"79":{"start":{"line":168,"column":0},"end":{"line":196,"column":3}},"80":{"start":{"line":169,"column":4},"end":{"line":195,"column":5}},"81":{"start":{"line":170,"column":58},"end":{"line":170,"column":67}},"82":{"start":{"line":173,"column":8},"end":{"line":175,"column":9}},"83":{"start":{"line":174,"column":12},"end":{"line":174,"column":78}},"84":{"start":{"line":178,"column":19},"end":{"line":178,"column":51}},"85":{"start":{"line":181,"column":8},"end":{"line":189,"column":9}},"86":{"start":{"line":182,"column":12},"end":{"line":182,"column":66}},"87":{"start":{"line":183,"column":15},"end":{"line":189,"column":9}},"88":{"start":{"line":184,"column":12},"end":{"line":184,"column":78}},"89":{"start":{"line":185,"column":15},"end":{"line":189,"column":9}},"90":{"start":{"line":186,"column":12},"end":{"line":186,"column":60}},"91":{"start":{"line":188,"column":12},"end":{"line":188,"column":60}},"92":{"start":{"line":192,"column":8},"end":{"line":192,"column":49}},"93":{"start":{"line":194,"column":8},"end":{"line":194,"column":74}},"94":{"start":{"line":201,"column":15},"end":{"line":203,"column":2}},"95":{"start":{"line":202,"column":4},"end":{"line":202,"column":53}},"96":{"start":{"line":205,"column":20},"end":{"line":209,"column":1}},"97":{"start":{"line":206,"column":4},"end":{"line":208,"column":7}},"98":{"start":{"line":207,"column":8},"end":{"line":207,"column":37}},"99":{"start":{"line":211,"column":0},"end":{"line":211,"column":38}}},"fnMap":{"0":{"name":"(anonymous_0)","decl":{"start":{"line":14,"column":36},"end":{"line":14,"column":37}},"loc":{"start":{"line":14,"column":56},"end":{"line":29,"column":1}},"line":14},"1":{"name":"(anonymous_1)","decl":{"start":{"line":36,"column":23},"end":{"line":36,"column":24}},"loc":{"start":{"line":36,"column":43},"end":{"line":56,"column":1}},"line":36},"2":{"name":"(anonymous_2)","decl":{"start":{"line":48,"column":14},"end":{"line":48,"column":15}},"loc":{"start":{"line":48,"column":24},"end":{"line":52,"column":9}},"line":48},"3":{"name":"(anonymous_3)","decl":{"start":{"line":53,"column":15},"end":{"line":53,"column":16}},"loc":{"start":{"line":53,"column":24},"end":{"line":55,"column":9}},"line":53},"4":{"name":"(anonymous_4)","decl":{"start":{"line":59,"column":27},"end":{"line":59,"column":28}},"loc":{"start":{"line":59,"column":47},"end":{"line":82,"column":1}},"line":59},"5":{"name":"(anonymous_5)","decl":{"start":{"line":89,"column":29},"end":{"line":89,"column":30}},"loc":{"start":{"line":89,"column":49},"end":{"line":111,"column":1}},"line":89},"6":{"name":"(anonymous_6)","decl":{"start":{"line":116,"column":24},"end":{"line":116,"column":25}},"loc":{"start":{"line":116,"column":44},"end":{"line":138,"column":1}},"line":116},"7":{"name":"(anonymous_7)","decl":{"start":{"line":141,"column":31},"end":{"line":141,"column":32}},"loc":{"start":{"line":141,"column":51},"end":{"line":162,"column":1}},"line":141},"8":{"name":"(anonymous_8)","decl":{"start":{"line":168,"column":24},"end":{"line":168,"column":25}},"loc":{"start":{"line":168,"column":44},"end":{"line":196,"column":1}},"line":168},"9":{"name":"(anonymous_9)","decl":{"start":{"line":201,"column":32},"end":{"line":201,"column":33}},"loc":{"start":{"line":201,"column":38},"end":{"line":203,"column":1}},"line":201},"10":{"name":"(anonymous_10)","decl":{"start":{"line":205,"column":20},"end":{"line":205,"column":21}},"loc":{"start":{"line":205,"column":26},"end":{"line":209,"column":1}},"line":205},"11":{"name":"(anonymous_11)","decl":{"start":{"line":206,"column":17},"end":{"line":206,"column":18}},"loc":{"start":{"line":206,"column":23},"end":{"line":208,"column":5}},"line":206}},"branchMap":{"0":{"loc":{"start":{"line":4,"column":13},"end":{"line":4,"column":36}},"type":"binary-expr","locations":[{"start":{"line":4,"column":13},"end":{"line":4,"column":29}},{"start":{"line":4,"column":33},"end":{"line":4,"column":36}}],"line":4},"1":{"loc":{"start":{"line":19,"column":4},"end":{"line":21,"column":5}},"type":"if","locations":[{"start":{"line":19,"column":4},"end":{"line":21,"column":5}},{"start":{},"end":{}}],"line":19},"2":{"loc":{"start":{"line":19,"column":8},"end":{"line":19,"column":84}},"type":"binary-expr","locations":[{"start":{"line":19,"column":8},"end":{"line":19,"column":15}},{"start":{"line":19,"column":19},"end":{"line":19,"column":32}},{"start":{"line":19,"column":36},"end":{"line":19,"column":52}},{"start":{"line":19,"column":56},"end":{"line":19,"column":71}},{"start":{"line":19,"column":75},"end":{"line":19,"column":84}}],"line":19},"3":{"loc":{"start":{"line":40,"column":4},"end":{"line":42,"column":5}},"type":"if","locations":[{"start":{"line":40,"column":4},"end":{"line":42,"column":5}},{"start":{},"end":{}}],"line":40},"4":{"loc":{"start":{"line":40,"column":8},"end":{"line":40,"column":30}},"type":"binary-expr","locations":[{"start":{"line":40,"column":8},"end":{"line":40,"column":17}},{"start":{"line":40,"column":21},"end":{"line":40,"column":30}}],"line":40},"5":{"loc":{"start":{"line":49,"column":12},"end":{"line":50,"column":70}},"type":"if","locations":[{"start":{"line":49,"column":12},"end":{"line":50,"column":70}},{"start":{},"end":{}}],"line":49},"6":{"loc":{"start":{"line":63,"column":4},"end":{"line":65,"column":5}},"type":"if","locations":[{"start":{"line":63,"column":4},"end":{"line":65,"column":5}},{"start":{},"end":{}}],"line":63},"7":{"loc":{"start":{"line":63,"column":8},"end":{"line":63,"column":59}},"type":"binary-expr","locations":[{"start":{"line":63,"column":8},"end":{"line":63,"column":17}},{"start":{"line":63,"column":21},"end":{"line":63,"column":30}},{"start":{"line":63,"column":34},"end":{"line":63,"column":59}}],"line":63},"8":{"loc":{"start":{"line":71,"column":8},"end":{"line":73,"column":9}},"type":"if","locations":[{"start":{"line":71,"column":8},"end":{"line":73,"column":9}},{"start":{},"end":{}}],"line":71},"9":{"loc":{"start":{"line":75,"column":8},"end":{"line":77,"column":9}},"type":"if","locations":[{"start":{"line":75,"column":8},"end":{"line":77,"column":9}},{"start":{},"end":{}}],"line":75},"10":{"loc":{"start":{"line":93,"column":4},"end":{"line":95,"column":5}},"type":"if","locations":[{"start":{"line":93,"column":4},"end":{"line":95,"column":5}},{"start":{},"end":{}}],"line":93},"11":{"loc":{"start":{"line":93,"column":8},"end":{"line":93,"column":94}},"type":"binary-expr","locations":[{"start":{"line":93,"column":8},"end":{"line":93,"column":17}},{"start":{"line":93,"column":21},"end":{"line":93,"column":27}},{"start":{"line":93,"column":31},"end":{"line":93,"column":37}},{"start":{"line":93,"column":41},"end":{"line":93,"column":50}},{"start":{"line":93,"column":54},"end":{"line":93,"column":59}},{"start":{"line":93,"column":63},"end":{"line":93,"column":69}},{"start":{"line":93,"column":73},"end":{"line":93,"column":81}},{"start":{"line":93,"column":85},"end":{"line":93,"column":94}}],"line":93},"12":{"loc":{"start":{"line":101,"column":8},"end":{"line":106,"column":9}},"type":"if","locations":[{"start":{"line":101,"column":8},"end":{"line":106,"column":9}},{"start":{},"end":{}}],"line":101},"13":{"loc":{"start":{"line":103,"column":12},"end":{"line":105,"column":13}},"type":"if","locations":[{"start":{"line":103,"column":12},"end":{"line":105,"column":13}},{"start":{},"end":{}}],"line":103},"14":{"loc":{"start":{"line":120,"column":8},"end":{"line":122,"column":9}},"type":"if","locations":[{"start":{"line":120,"column":8},"end":{"line":122,"column":9}},{"start":{},"end":{}}],"line":120},"15":{"loc":{"start":{"line":129,"column":8},"end":{"line":131,"column":9}},"type":"if","locations":[{"start":{"line":129,"column":8},"end":{"line":131,"column":9}},{"start":{},"end":{}}],"line":129},"16":{"loc":{"start":{"line":151,"column":8},"end":{"line":154,"column":9}},"type":"if","locations":[{"start":{"line":151,"column":8},"end":{"line":154,"column":9}},{"start":{},"end":{}}],"line":151},"17":{"loc":{"start":{"line":173,"column":8},"end":{"line":175,"column":9}},"type":"if","locations":[{"start":{"line":173,"column":8},"end":{"line":175,"column":9}},{"start":{},"end":{}}],"line":173},"18":{"loc":{"start":{"line":181,"column":8},"end":{"line":189,"column":9}},"type":"if","locations":[{"start":{"line":181,"column":8},"end":{"line":189,"column":9}},{"start":{"line":183,"column":15},"end":{"line":189,"column":9}}],"line":181},"19":{"loc":{"start":{"line":183,"column":15},"end":{"line":189,"column":9}},"type":"if","locations":[{"start":{"line":183,"column":15},"end":{"line":189,"column":9}},{"start":{"line":185,"column":15},"end":{"line":189,"column":9}}],"line":183},"20":{"loc":{"start":{"line":183,"column":19},"end":{"line":183,"column":39}},"type":"binary-expr","locations":[{"start":{"line":183,"column":19},"end":{"line":183,"column":28}},{"start":{"line":183,"column":32},"end":{"line":183,"column":39}}],"line":183},"21":{"loc":{"start":{"line":185,"column":15},"end":{"line":189,"column":9}},"type":"if","locations":[{"start":{"line":185,"column":15},"end":{"line":189,"column":9}},{"start":{"line":187,"column":15},"end":{"line":189,"column":9}}],"line":185}},"s":{"0":1,"1":1,"2":1,"3":1,"4":1,"5":1,"6":1,"7":1,"8":1,"9":1,"10":3,"11":3,"12":3,"13":1,"14":2,"15":2,"16":2,"17":0,"18":0,"19":1,"20":3,"21":3,"22":1,"23":2,"24":2,"25":2,"26":2,"27":1,"28":1,"29":1,"30":1,"31":4,"32":4,"33":1,"34":3,"35":3,"36":3,"37":3,"38":1,"39":2,"40":1,"41":1,"42":1,"43":1,"44":1,"45":3,"46":3,"47":1,"48":2,"49":2,"50":2,"51":1,"52":1,"53":1,"54":1,"55":1,"56":1,"57":1,"58":3,"59":3,"60":3,"61":1,"62":2,"63":2,"64":2,"65":1,"66":1,"67":0,"68":1,"69":2,"70":2,"71":2,"72":2,"73":2,"74":2,"75":1,"76":1,"77":1,"78":1,"79":1,"80":5,"81":5,"82":5,"83":1,"84":4,"85":4,"86":1,"87":3,"88":1,"89":2,"90":1,"91":1,"92":4,"93":0,"94":1,"95":1,"96":1,"97":1,"98":0,"99":1},"f":{"0":3,"1":3,"2":2,"3":1,"4":4,"5":3,"6":3,"7":2,"8":5,"9":1,"10":1,"11":0},"b":{"0":[1,1],"1":[1,2],"2":[3,2,2,2,2],"3":[1,2],"4":[3,2],"5":[1,1],"6":[1,3],"7":[4,3,3],"8":[1,2],"9":[1,0],"10":[1,2],"11":[3,2,2,2,2,2,2,2],"12":[1,0],"13":[1,0],"14":[1,2],"15":[1,1],"16":[1,1],"17":[1,4],"18":[1,3],"19":[1,2],"20":[3,1],"21":[1,1]},"_coverageSchema":"1a1c01bbd47fc00a2c39e90264f33305004495a9","hash":"71f35d37918895e69d219b4c0e1581cb4cbc40a9"}
}
