{"C:\\Users\\khuong\\OneDrive - University Of Houston\\Documents\\COSC4353\\SWD42\\server\\db.js": {"path":"C:\\Users\\khuong\\OneDrive - University Of Houston\\Documents\\COSC4353\\SWD42\\server\\db.js","statementMap":{"0":{"start":{"line":1,"column":14},"end":{"line":1,"column":31}},"1":{"start":{"line":2,"column":15},"end":{"line":2,"column":32}},"2":{"start":{"line":3,"column":15},"end":{"line":3,"column":19}},"3":{"start":{"line":14,"column":20},"end":{"line":19,"column":4}},"4":{"start":{"line":22,"column":0},"end":{"line":25,"column":3}},"5":{"start":{"line":23,"column":4},"end":{"line":23,"column":23}},"6":{"start":{"line":23,"column":13},"end":{"line":23,"column":23}},"7":{"start":{"line":24,"column":4},"end":{"line":24,"column":42}},"8":{"start":{"line":30,"column":8},"end":{"line":30,"column":53}},"9":{"start":{"line":35,"column":8},"end":{"line":56,"column":9}},"10":{"start":{"line":36,"column":12},"end":{"line":38,"column":13}},"11":{"start":{"line":37,"column":16},"end":{"line":37,"column":60}},"12":{"start":{"line":39,"column":26},"end":{"line":39,"column":146}},"13":{"start":{"line":40,"column":31},"end":{"line":40,"column":51}},"14":{"start":{"line":42,"column":29},"end":{"line":51,"column":14}},"15":{"start":{"line":43,"column":16},"end":{"line":50,"column":19}},"16":{"start":{"line":44,"column":20},"end":{"line":48,"column":21}},"17":{"start":{"line":45,"column":24},"end":{"line":45,"column":82}},"18":{"start":{"line":46,"column":24},"end":{"line":46,"column":68}},"19":{"start":{"line":47,"column":24},"end":{"line":47,"column":31}},"20":{"start":{"line":49,"column":20},"end":{"line":49,"column":45}},"21":{"start":{"line":52,"column":12},"end":{"line":52,"column":49}},"22":{"start":{"line":54,"column":12},"end":{"line":54,"column":43}},"23":{"start":{"line":55,"column":12},"end":{"line":55,"column":24}},"24":{"start":{"line":65,"column":8},"end":{"line":87,"column":9}},"25":{"start":{"line":67,"column":12},"end":{"line":69,"column":13}},"26":{"start":{"line":68,"column":16},"end":{"line":68,"column":71}},"27":{"start":{"line":71,"column":26},"end":{"line":71,"column":114}},"28":{"start":{"line":72,"column":31},"end":{"line":72,"column":51}},"29":{"start":{"line":74,"column":29},"end":{"line":83,"column":14}},"30":{"start":{"line":75,"column":16},"end":{"line":82,"column":19}},"31":{"start":{"line":76,"column":20},"end":{"line":80,"column":21}},"32":{"start":{"line":77,"column":24},"end":{"line":77,"column":78}},"33":{"start":{"line":78,"column":24},"end":{"line":78,"column":55}},"34":{"start":{"line":79,"column":24},"end":{"line":79,"column":31}},"35":{"start":{"line":81,"column":20},"end":{"line":81,"column":36}},"36":{"start":{"line":84,"column":12},"end":{"line":84,"column":28}},"37":{"start":{"line":86,"column":12},"end":{"line":86,"column":24}},"38":{"start":{"line":92,"column":8},"end":{"line":108,"column":9}},"39":{"start":{"line":94,"column":12},"end":{"line":96,"column":13}},"40":{"start":{"line":95,"column":16},"end":{"line":95,"column":57}},"41":{"start":{"line":98,"column":29},"end":{"line":104,"column":14}},"42":{"start":{"line":99,"column":30},"end":{"line":99,"column":87}},"43":{"start":{"line":100,"column":16},"end":{"line":103,"column":19}},"44":{"start":{"line":101,"column":20},"end":{"line":101,"column":60}},"45":{"start":{"line":101,"column":29},"end":{"line":101,"column":60}},"46":{"start":{"line":102,"column":20},"end":{"line":102,"column":49}},"47":{"start":{"line":105,"column":12},"end":{"line":105,"column":28}},"48":{"start":{"line":107,"column":12},"end":{"line":107,"column":24}},"49":{"start":{"line":113,"column":8},"end":{"line":135,"column":9}},"50":{"start":{"line":115,"column":12},"end":{"line":117,"column":13}},"51":{"start":{"line":116,"column":16},"end":{"line":116,"column":85}},"52":{"start":{"line":119,"column":26},"end":{"line":119,"column":95}},"53":{"start":{"line":120,"column":31},"end":{"line":120,"column":51}},"54":{"start":{"line":122,"column":29},"end":{"line":131,"column":14}},"55":{"start":{"line":123,"column":16},"end":{"line":130,"column":19}},"56":{"start":{"line":124,"column":20},"end":{"line":128,"column":21}},"57":{"start":{"line":125,"column":24},"end":{"line":125,"column":82}},"58":{"start":{"line":126,"column":24},"end":{"line":126,"column":70}},"59":{"start":{"line":127,"column":24},"end":{"line":127,"column":31}},"60":{"start":{"line":129,"column":20},"end":{"line":129,"column":45}},"61":{"start":{"line":132,"column":12},"end":{"line":132,"column":49}},"62":{"start":{"line":134,"column":12},"end":{"line":134,"column":24}},"63":{"start":{"line":144,"column":8},"end":{"line":167,"column":9}},"64":{"start":{"line":146,"column":12},"end":{"line":148,"column":13}},"65":{"start":{"line":147,"column":16},"end":{"line":147,"column":60}},"66":{"start":{"line":150,"column":26},"end":{"line":150,"column":151}},"67":{"start":{"line":151,"column":31},"end":{"line":151,"column":51}},"68":{"start":{"line":153,"column":29},"end":{"line":163,"column":14}},"69":{"start":{"line":154,"column":30},"end":{"line":154,"column":155}},"70":{"start":{"line":155,"column":16},"end":{"line":162,"column":19}},"71":{"start":{"line":156,"column":20},"end":{"line":160,"column":21}},"72":{"start":{"line":157,"column":24},"end":{"line":157,"column":73}},"73":{"start":{"line":158,"column":24},"end":{"line":158,"column":36}},"74":{"start":{"line":159,"column":24},"end":{"line":159,"column":31}},"75":{"start":{"line":161,"column":20},"end":{"line":161,"column":63}},"76":{"start":{"line":164,"column":12},"end":{"line":164,"column":28}},"77":{"start":{"line":166,"column":12},"end":{"line":166,"column":24}},"78":{"start":{"line":172,"column":8},"end":{"line":194,"column":9}},"79":{"start":{"line":174,"column":12},"end":{"line":176,"column":13}},"80":{"start":{"line":175,"column":16},"end":{"line":175,"column":57}},"81":{"start":{"line":178,"column":26},"end":{"line":178,"column":79}},"82":{"start":{"line":179,"column":31},"end":{"line":179,"column":51}},"83":{"start":{"line":181,"column":29},"end":{"line":190,"column":14}},"84":{"start":{"line":182,"column":16},"end":{"line":189,"column":19}},"85":{"start":{"line":183,"column":20},"end":{"line":187,"column":21}},"86":{"start":{"line":184,"column":24},"end":{"line":184,"column":78}},"87":{"start":{"line":185,"column":24},"end":{"line":185,"column":39}},"88":{"start":{"line":186,"column":24},"end":{"line":186,"column":31}},"89":{"start":{"line":188,"column":20},"end":{"line":188,"column":53}},"90":{"start":{"line":191,"column":12},"end":{"line":191,"column":28}},"91":{"start":{"line":193,"column":12},"end":{"line":193,"column":24}},"92":{"start":{"line":201,"column":8},"end":{"line":222,"column":9}},"93":{"start":{"line":203,"column":26},"end":{"line":203,"column":68}},"94":{"start":{"line":204,"column":31},"end":{"line":204,"column":51}},"95":{"start":{"line":206,"column":29},"end":{"line":216,"column":10}},"96":{"start":{"line":207,"column":16},"end":{"line":215,"column":15}},"97":{"start":{"line":208,"column":20},"end":{"line":212,"column":21}},"98":{"start":{"line":209,"column":24},"end":{"line":209,"column":89}},"99":{"start":{"line":210,"column":24},"end":{"line":210,"column":36}},"100":{"start":{"line":211,"column":24},"end":{"line":211,"column":31}},"101":{"start":{"line":213,"column":20},"end":{"line":213,"column":66}},"102":{"start":{"line":217,"column":12},"end":{"line":217,"column":33}},"103":{"start":{"line":218,"column":12},"end":{"line":218,"column":50}},"104":{"start":{"line":219,"column":12},"end":{"line":219,"column":28}},"105":{"start":{"line":221,"column":12},"end":{"line":221,"column":24}},"106":{"start":{"line":227,"column":8},"end":{"line":252,"column":9}},"107":{"start":{"line":229,"column":12},"end":{"line":231,"column":13}},"108":{"start":{"line":230,"column":16},"end":{"line":230,"column":57}},"109":{"start":{"line":234,"column":26},"end":{"line":234,"column":126}},"110":{"start":{"line":237,"column":31},"end":{"line":237,"column":51}},"111":{"start":{"line":238,"column":29},"end":{"line":247,"column":14}},"112":{"start":{"line":239,"column":16},"end":{"line":246,"column":19}},"113":{"start":{"line":240,"column":20},"end":{"line":244,"column":21}},"114":{"start":{"line":241,"column":24},"end":{"line":241,"column":75}},"115":{"start":{"line":242,"column":24},"end":{"line":242,"column":39}},"116":{"start":{"line":243,"column":24},"end":{"line":243,"column":31}},"117":{"start":{"line":245,"column":20},"end":{"line":245,"column":53}},"118":{"start":{"line":249,"column":12},"end":{"line":249,"column":28}},"119":{"start":{"line":251,"column":12},"end":{"line":251,"column":24}},"120":{"start":{"line":260,"column":4},"end":{"line":282,"column":9}},"121":{"start":{"line":262,"column":8},"end":{"line":264,"column":9}},"122":{"start":{"line":263,"column":12},"end":{"line":263,"column":53}},"123":{"start":{"line":266,"column":22},"end":{"line":266,"column":67}},"124":{"start":{"line":267,"column":27},"end":{"line":267,"column":47}},"125":{"start":{"line":269,"column":25},"end":{"line":278,"column":10}},"126":{"start":{"line":270,"column":12},"end":{"line":277,"column":15}},"127":{"start":{"line":271,"column":16},"end":{"line":275,"column":17}},"128":{"start":{"line":272,"column":20},"end":{"line":272,"column":74}},"129":{"start":{"line":273,"column":20},"end":{"line":273,"column":51}},"130":{"start":{"line":274,"column":20},"end":{"line":274,"column":27}},"131":{"start":{"line":276,"column":16},"end":{"line":276,"column":32}},"132":{"start":{"line":279,"column":8},"end":{"line":279,"column":24}},"133":{"start":{"line":281,"column":12},"end":{"line":281,"column":24}},"134":{"start":{"line":286,"column":4},"end":{"line":308,"column":9}},"135":{"start":{"line":288,"column":8},"end":{"line":290,"column":9}},"136":{"start":{"line":289,"column":12},"end":{"line":289,"column":66}},"137":{"start":{"line":292,"column":22},"end":{"line":292,"column":83}},"138":{"start":{"line":293,"column":27},"end":{"line":293,"column":47}},"139":{"start":{"line":295,"column":25},"end":{"line":304,"column":10}},"140":{"start":{"line":296,"column":12},"end":{"line":303,"column":15}},"141":{"start":{"line":297,"column":16},"end":{"line":301,"column":17}},"142":{"start":{"line":298,"column":20},"end":{"line":298,"column":74}},"143":{"start":{"line":299,"column":20},"end":{"line":299,"column":51}},"144":{"start":{"line":300,"column":20},"end":{"line":300,"column":27}},"145":{"start":{"line":302,"column":16},"end":{"line":302,"column":59}},"146":{"start":{"line":305,"column":8},"end":{"line":305,"column":24}},"147":{"start":{"line":307,"column":12},"end":{"line":307,"column":24}},"148":{"start":{"line":312,"column":8},"end":{"line":334,"column":9}},"149":{"start":{"line":314,"column":12},"end":{"line":316,"column":13}},"150":{"start":{"line":315,"column":16},"end":{"line":315,"column":84}},"151":{"start":{"line":318,"column":26},"end":{"line":318,"column":104}},"152":{"start":{"line":319,"column":31},"end":{"line":319,"column":51}},"153":{"start":{"line":321,"column":29},"end":{"line":330,"column":14}},"154":{"start":{"line":322,"column":16},"end":{"line":329,"column":19}},"155":{"start":{"line":323,"column":20},"end":{"line":327,"column":21}},"156":{"start":{"line":324,"column":24},"end":{"line":324,"column":78}},"157":{"start":{"line":325,"column":24},"end":{"line":325,"column":55}},"158":{"start":{"line":326,"column":24},"end":{"line":326,"column":31}},"159":{"start":{"line":328,"column":20},"end":{"line":328,"column":63}},"160":{"start":{"line":331,"column":12},"end":{"line":331,"column":28}},"161":{"start":{"line":333,"column":12},"end":{"line":333,"column":24}},"162":{"start":{"line":341,"column":8},"end":{"line":370,"column":9}},"163":{"start":{"line":342,"column":12},"end":{"line":344,"column":13}},"164":{"start":{"line":343,"column":16},"end":{"line":343,"column":56}},"165":{"start":{"line":347,"column":12},"end":{"line":353,"column":13}},"166":{"start":{"line":348,"column":16},"end":{"line":348,"column":65}},"167":{"start":{"line":349,"column":19},"end":{"line":353,"column":13}},"168":{"start":{"line":350,"column":16},"end":{"line":350,"column":63}},"169":{"start":{"line":351,"column":19},"end":{"line":353,"column":13}},"170":{"start":{"line":352,"column":16},"end":{"line":352,"column":66}},"171":{"start":{"line":355,"column":31},"end":{"line":355,"column":51}},"172":{"start":{"line":357,"column":12},"end":{"line":366,"column":15}},"173":{"start":{"line":358,"column":16},"end":{"line":365,"column":19}},"174":{"start":{"line":359,"column":20},"end":{"line":363,"column":21}},"175":{"start":{"line":360,"column":24},"end":{"line":360,"column":81}},"176":{"start":{"line":361,"column":24},"end":{"line":361,"column":36}},"177":{"start":{"line":362,"column":24},"end":{"line":362,"column":31}},"178":{"start":{"line":364,"column":20},"end":{"line":364,"column":36}},"179":{"start":{"line":367,"column":12},"end":{"line":367,"column":24}},"180":{"start":{"line":369,"column":12},"end":{"line":369,"column":24}},"181":{"start":{"line":374,"column":8},"end":{"line":374,"column":26}},"182":{"start":{"line":378,"column":8},"end":{"line":383,"column":9}},"183":{"start":{"line":379,"column":12},"end":{"line":379,"column":35}},"184":{"start":{"line":380,"column":12},"end":{"line":380,"column":54}},"185":{"start":{"line":382,"column":12},"end":{"line":382,"column":72}},"186":{"start":{"line":387,"column":0},"end":{"line":387,"column":27}}},"fnMap":{"0":{"name":"(anonymous_0)","decl":{"start":{"line":22,"column":19},"end":{"line":22,"column":20}},"loc":{"start":{"line":22,"column":28},"end":{"line":25,"column":1}},"line":22},"1":{"name":"(anonymous_1)","decl":{"start":{"line":29,"column":4},"end":{"line":29,"column":5}},"loc":{"start":{"line":29,"column":34},"end":{"line":31,"column":5}},"line":29},"2":{"name":"(anonymous_2)","decl":{"start":{"line":34,"column":4},"end":{"line":34,"column":5}},"loc":{"start":{"line":34,"column":100},"end":{"line":57,"column":5}},"line":34},"3":{"name":"(anonymous_3)","decl":{"start":{"line":42,"column":47},"end":{"line":42,"column":48}},"loc":{"start":{"line":42,"column":68},"end":{"line":51,"column":13}},"line":42},"4":{"name":"(anonymous_4)","decl":{"start":{"line":43,"column":116},"end":{"line":43,"column":117}},"loc":{"start":{"line":43,"column":133},"end":{"line":50,"column":17}},"line":43},"5":{"name":"(anonymous_5)","decl":{"start":{"line":64,"column":4},"end":{"line":64,"column":5}},"loc":{"start":{"line":64,"column":47},"end":{"line":88,"column":5}},"line":64},"6":{"name":"(anonymous_6)","decl":{"start":{"line":74,"column":47},"end":{"line":74,"column":48}},"loc":{"start":{"line":74,"column":68},"end":{"line":83,"column":13}},"line":74},"7":{"name":"(anonymous_7)","decl":{"start":{"line":75,"column":62},"end":{"line":75,"column":63}},"loc":{"start":{"line":75,"column":79},"end":{"line":82,"column":17}},"line":75},"8":{"name":"(anonymous_8)","decl":{"start":{"line":91,"column":4},"end":{"line":91,"column":5}},"loc":{"start":{"line":91,"column":40},"end":{"line":109,"column":5}},"line":91},"9":{"name":"(anonymous_9)","decl":{"start":{"line":98,"column":47},"end":{"line":98,"column":48}},"loc":{"start":{"line":98,"column":68},"end":{"line":104,"column":13}},"line":98},"10":{"name":"(anonymous_10)","decl":{"start":{"line":100,"column":52},"end":{"line":100,"column":53}},"loc":{"start":{"line":100,"column":69},"end":{"line":103,"column":17}},"line":100},"11":{"name":"(anonymous_11)","decl":{"start":{"line":112,"column":4},"end":{"line":112,"column":5}},"loc":{"start":{"line":112,"column":56},"end":{"line":136,"column":5}},"line":112},"12":{"name":"(anonymous_12)","decl":{"start":{"line":122,"column":47},"end":{"line":122,"column":48}},"loc":{"start":{"line":122,"column":68},"end":{"line":131,"column":13}},"line":122},"13":{"name":"(anonymous_13)","decl":{"start":{"line":123,"column":75},"end":{"line":123,"column":76}},"loc":{"start":{"line":123,"column":92},"end":{"line":130,"column":17}},"line":123},"14":{"name":"(anonymous_14)","decl":{"start":{"line":143,"column":4},"end":{"line":143,"column":5}},"loc":{"start":{"line":143,"column":97},"end":{"line":168,"column":5}},"line":143},"15":{"name":"(anonymous_15)","decl":{"start":{"line":153,"column":47},"end":{"line":153,"column":48}},"loc":{"start":{"line":153,"column":68},"end":{"line":163,"column":13}},"line":153},"16":{"name":"(anonymous_16)","decl":{"start":{"line":155,"column":118},"end":{"line":155,"column":119}},"loc":{"start":{"line":155,"column":135},"end":{"line":162,"column":17}},"line":155},"17":{"name":"(anonymous_17)","decl":{"start":{"line":171,"column":4},"end":{"line":171,"column":5}},"loc":{"start":{"line":171,"column":37},"end":{"line":195,"column":5}},"line":171},"18":{"name":"(anonymous_18)","decl":{"start":{"line":181,"column":47},"end":{"line":181,"column":48}},"loc":{"start":{"line":181,"column":68},"end":{"line":190,"column":13}},"line":181},"19":{"name":"(anonymous_19)","decl":{"start":{"line":182,"column":52},"end":{"line":182,"column":53}},"loc":{"start":{"line":182,"column":69},"end":{"line":189,"column":17}},"line":182},"20":{"name":"(anonymous_20)","decl":{"start":{"line":200,"column":4},"end":{"line":200,"column":5}},"loc":{"start":{"line":200,"column":35},"end":{"line":223,"column":5}},"line":200},"21":{"name":"(anonymous_21)","decl":{"start":{"line":206,"column":47},"end":{"line":206,"column":48}},"loc":{"start":{"line":206,"column":68},"end":{"line":216,"column":9}},"line":206},"22":{"name":"(anonymous_22)","decl":{"start":{"line":207,"column":52},"end":{"line":207,"column":53}},"loc":{"start":{"line":207,"column":69},"end":{"line":215,"column":13}},"line":207},"23":{"name":"(anonymous_23)","decl":{"start":{"line":226,"column":4},"end":{"line":226,"column":5}},"loc":{"start":{"line":226,"column":72},"end":{"line":253,"column":5}},"line":226},"24":{"name":"(anonymous_24)","decl":{"start":{"line":238,"column":47},"end":{"line":238,"column":48}},"loc":{"start":{"line":238,"column":68},"end":{"line":247,"column":13}},"line":238},"25":{"name":"(anonymous_25)","decl":{"start":{"line":239,"column":90},"end":{"line":239,"column":91}},"loc":{"start":{"line":239,"column":107},"end":{"line":246,"column":17}},"line":239},"26":{"name":"(anonymous_26)","decl":{"start":{"line":259,"column":4},"end":{"line":259,"column":5}},"loc":{"start":{"line":259,"column":35},"end":{"line":283,"column":5}},"line":259},"27":{"name":"(anonymous_27)","decl":{"start":{"line":269,"column":43},"end":{"line":269,"column":44}},"loc":{"start":{"line":269,"column":64},"end":{"line":278,"column":9}},"line":269},"28":{"name":"(anonymous_28)","decl":{"start":{"line":270,"column":48},"end":{"line":270,"column":49}},"loc":{"start":{"line":270,"column":65},"end":{"line":277,"column":13}},"line":270},"29":{"name":"(anonymous_29)","decl":{"start":{"line":285,"column":4},"end":{"line":285,"column":5}},"loc":{"start":{"line":285,"column":41},"end":{"line":309,"column":5}},"line":285},"30":{"name":"(anonymous_30)","decl":{"start":{"line":295,"column":43},"end":{"line":295,"column":44}},"loc":{"start":{"line":295,"column":64},"end":{"line":304,"column":9}},"line":295},"31":{"name":"(anonymous_31)","decl":{"start":{"line":296,"column":57},"end":{"line":296,"column":58}},"loc":{"start":{"line":296,"column":74},"end":{"line":303,"column":13}},"line":296},"32":{"name":"(anonymous_32)","decl":{"start":{"line":311,"column":4},"end":{"line":311,"column":5}},"loc":{"start":{"line":311,"column":53},"end":{"line":335,"column":5}},"line":311},"33":{"name":"(anonymous_33)","decl":{"start":{"line":321,"column":47},"end":{"line":321,"column":48}},"loc":{"start":{"line":321,"column":68},"end":{"line":330,"column":13}},"line":321},"34":{"name":"(anonymous_34)","decl":{"start":{"line":322,"column":72},"end":{"line":322,"column":73}},"loc":{"start":{"line":322,"column":89},"end":{"line":329,"column":17}},"line":322},"35":{"name":"(anonymous_35)","decl":{"start":{"line":340,"column":4},"end":{"line":340,"column":5}},"loc":{"start":{"line":340,"column":43},"end":{"line":371,"column":5}},"line":340},"36":{"name":"(anonymous_36)","decl":{"start":{"line":357,"column":30},"end":{"line":357,"column":31}},"loc":{"start":{"line":357,"column":51},"end":{"line":366,"column":13}},"line":357},"37":{"name":"(anonymous_37)","decl":{"start":{"line":358,"column":52},"end":{"line":358,"column":53}},"loc":{"start":{"line":358,"column":69},"end":{"line":365,"column":17}},"line":358},"38":{"name":"(anonymous_38)","decl":{"start":{"line":373,"column":4},"end":{"line":373,"column":5}},"loc":{"start":{"line":373,"column":20},"end":{"line":375,"column":5}},"line":373},"39":{"name":"(anonymous_39)","decl":{"start":{"line":377,"column":4},"end":{"line":377,"column":5}},"loc":{"start":{"line":377,"column":28},"end":{"line":384,"column":5}},"line":377}},"branchMap":{"0":{"loc":{"start":{"line":23,"column":4},"end":{"line":23,"column":23}},"type":"if","locations":[{"start":{"line":23,"column":4},"end":{"line":23,"column":23}},{"start":{},"end":{}}],"line":23},"1":{"loc":{"start":{"line":30,"column":15},"end":{"line":30,"column":52}},"type":"cond-expr","locations":[{"start":{"line":30,"column":26},"end":{"line":30,"column":34}},{"start":{"line":30,"column":37},"end":{"line":30,"column":52}}],"line":30},"2":{"loc":{"start":{"line":36,"column":12},"end":{"line":38,"column":13}},"type":"if","locations":[{"start":{"line":36,"column":12},"end":{"line":38,"column":13}},{"start":{},"end":{}}],"line":36},"3":{"loc":{"start":{"line":36,"column":16},"end":{"line":36,"column":105}},"type":"binary-expr","locations":[{"start":{"line":36,"column":16},"end":{"line":36,"column":23}},{"start":{"line":36,"column":27},"end":{"line":36,"column":40}},{"start":{"line":36,"column":44},"end":{"line":36,"column":60}},{"start":{"line":36,"column":64},"end":{"line":36,"column":79}},{"start":{"line":36,"column":83},"end":{"line":36,"column":92}},{"start":{"line":36,"column":96},"end":{"line":36,"column":105}}],"line":36},"4":{"loc":{"start":{"line":44,"column":20},"end":{"line":48,"column":21}},"type":"if","locations":[{"start":{"line":44,"column":20},"end":{"line":48,"column":21}},{"start":{},"end":{}}],"line":44},"5":{"loc":{"start":{"line":52,"column":19},"end":{"line":52,"column":48}},"type":"cond-expr","locations":[{"start":{"line":52,"column":36},"end":{"line":52,"column":41}},{"start":{"line":52,"column":44},"end":{"line":52,"column":48}}],"line":52},"6":{"loc":{"start":{"line":67,"column":12},"end":{"line":69,"column":13}},"type":"if","locations":[{"start":{"line":67,"column":12},"end":{"line":69,"column":13}},{"start":{},"end":{}}],"line":67},"7":{"loc":{"start":{"line":67,"column":16},"end":{"line":67,"column":38}},"type":"binary-expr","locations":[{"start":{"line":67,"column":16},"end":{"line":67,"column":25}},{"start":{"line":67,"column":29},"end":{"line":67,"column":38}}],"line":67},"8":{"loc":{"start":{"line":76,"column":20},"end":{"line":80,"column":21}},"type":"if","locations":[{"start":{"line":76,"column":20},"end":{"line":80,"column":21}},{"start":{},"end":{}}],"line":76},"9":{"loc":{"start":{"line":94,"column":12},"end":{"line":96,"column":13}},"type":"if","locations":[{"start":{"line":94,"column":12},"end":{"line":96,"column":13}},{"start":{},"end":{}}],"line":94},"10":{"loc":{"start":{"line":101,"column":20},"end":{"line":101,"column":60}},"type":"if","locations":[{"start":{"line":101,"column":20},"end":{"line":101,"column":60}},{"start":{},"end":{}}],"line":101},"11":{"loc":{"start":{"line":115,"column":12},"end":{"line":117,"column":13}},"type":"if","locations":[{"start":{"line":115,"column":12},"end":{"line":117,"column":13}},{"start":{},"end":{}}],"line":115},"12":{"loc":{"start":{"line":115,"column":16},"end":{"line":115,"column":67}},"type":"binary-expr","locations":[{"start":{"line":115,"column":16},"end":{"line":115,"column":25}},{"start":{"line":115,"column":29},"end":{"line":115,"column":38}},{"start":{"line":115,"column":42},"end":{"line":115,"column":67}}],"line":115},"13":{"loc":{"start":{"line":124,"column":20},"end":{"line":128,"column":21}},"type":"if","locations":[{"start":{"line":124,"column":20},"end":{"line":128,"column":21}},{"start":{},"end":{}}],"line":124},"14":{"loc":{"start":{"line":132,"column":19},"end":{"line":132,"column":48}},"type":"cond-expr","locations":[{"start":{"line":132,"column":36},"end":{"line":132,"column":41}},{"start":{"line":132,"column":44},"end":{"line":132,"column":48}}],"line":132},"15":{"loc":{"start":{"line":146,"column":12},"end":{"line":148,"column":13}},"type":"if","locations":[{"start":{"line":146,"column":12},"end":{"line":148,"column":13}},{"start":{},"end":{}}],"line":146},"16":{"loc":{"start":{"line":146,"column":16},"end":{"line":146,"column":102}},"type":"binary-expr","locations":[{"start":{"line":146,"column":16},"end":{"line":146,"column":25}},{"start":{"line":146,"column":29},"end":{"line":146,"column":35}},{"start":{"line":146,"column":39},"end":{"line":146,"column":45}},{"start":{"line":146,"column":49},"end":{"line":146,"column":58}},{"start":{"line":146,"column":62},"end":{"line":146,"column":67}},{"start":{"line":146,"column":71},"end":{"line":146,"column":77}},{"start":{"line":146,"column":81},"end":{"line":146,"column":89}},{"start":{"line":146,"column":93},"end":{"line":146,"column":102}}],"line":146},"17":{"loc":{"start":{"line":156,"column":20},"end":{"line":160,"column":21}},"type":"if","locations":[{"start":{"line":156,"column":20},"end":{"line":160,"column":21}},{"start":{},"end":{}}],"line":156},"18":{"loc":{"start":{"line":161,"column":28},"end":{"line":161,"column":61}},"type":"binary-expr","locations":[{"start":{"line":161,"column":28},"end":{"line":161,"column":34}},{"start":{"line":161,"column":38},"end":{"line":161,"column":61}}],"line":161},"19":{"loc":{"start":{"line":174,"column":12},"end":{"line":176,"column":13}},"type":"if","locations":[{"start":{"line":174,"column":12},"end":{"line":176,"column":13}},{"start":{},"end":{}}],"line":174},"20":{"loc":{"start":{"line":183,"column":20},"end":{"line":187,"column":21}},"type":"if","locations":[{"start":{"line":183,"column":20},"end":{"line":187,"column":21}},{"start":{},"end":{}}],"line":183},"21":{"loc":{"start":{"line":208,"column":20},"end":{"line":212,"column":21}},"type":"if","locations":[{"start":{"line":208,"column":20},"end":{"line":212,"column":21}},{"start":{},"end":{}}],"line":208},"22":{"loc":{"start":{"line":213,"column":28},"end":{"line":213,"column":64}},"type":"cond-expr","locations":[{"start":{"line":213,"column":48},"end":{"line":213,"column":57}},{"start":{"line":213,"column":60},"end":{"line":213,"column":64}}],"line":213},"23":{"loc":{"start":{"line":229,"column":12},"end":{"line":231,"column":13}},"type":"if","locations":[{"start":{"line":229,"column":12},"end":{"line":231,"column":13}},{"start":{},"end":{}}],"line":229},"24":{"loc":{"start":{"line":240,"column":20},"end":{"line":244,"column":21}},"type":"if","locations":[{"start":{"line":240,"column":20},"end":{"line":244,"column":21}},{"start":{},"end":{}}],"line":240},"25":{"loc":{"start":{"line":262,"column":8},"end":{"line":264,"column":9}},"type":"if","locations":[{"start":{"line":262,"column":8},"end":{"line":264,"column":9}},{"start":{},"end":{}}],"line":262},"26":{"loc":{"start":{"line":271,"column":16},"end":{"line":275,"column":17}},"type":"if","locations":[{"start":{"line":271,"column":16},"end":{"line":275,"column":17}},{"start":{},"end":{}}],"line":271},"27":{"loc":{"start":{"line":288,"column":8},"end":{"line":290,"column":9}},"type":"if","locations":[{"start":{"line":288,"column":8},"end":{"line":290,"column":9}},{"start":{},"end":{}}],"line":288},"28":{"loc":{"start":{"line":288,"column":12},"end":{"line":288,"column":33}},"type":"binary-expr","locations":[{"start":{"line":288,"column":12},"end":{"line":288,"column":21}},{"start":{"line":288,"column":25},"end":{"line":288,"column":33}}],"line":288},"29":{"loc":{"start":{"line":297,"column":16},"end":{"line":301,"column":17}},"type":"if","locations":[{"start":{"line":297,"column":16},"end":{"line":301,"column":17}},{"start":{},"end":{}}],"line":297},"30":{"loc":{"start":{"line":302,"column":24},"end":{"line":302,"column":57}},"type":"cond-expr","locations":[{"start":{"line":302,"column":44},"end":{"line":302,"column":50}},{"start":{"line":302,"column":53},"end":{"line":302,"column":57}}],"line":302},"31":{"loc":{"start":{"line":314,"column":12},"end":{"line":316,"column":13}},"type":"if","locations":[{"start":{"line":314,"column":12},"end":{"line":316,"column":13}},{"start":{},"end":{}}],"line":314},"32":{"loc":{"start":{"line":314,"column":16},"end":{"line":314,"column":51}},"type":"binary-expr","locations":[{"start":{"line":314,"column":16},"end":{"line":314,"column":25}},{"start":{"line":314,"column":29},"end":{"line":314,"column":39}},{"start":{"line":314,"column":43},"end":{"line":314,"column":51}}],"line":314},"33":{"loc":{"start":{"line":323,"column":20},"end":{"line":327,"column":21}},"type":"if","locations":[{"start":{"line":323,"column":20},"end":{"line":327,"column":21}},{"start":{},"end":{}}],"line":323},"34":{"loc":{"start":{"line":328,"column":28},"end":{"line":328,"column":61}},"type":"cond-expr","locations":[{"start":{"line":328,"column":48},"end":{"line":328,"column":54}},{"start":{"line":328,"column":57},"end":{"line":328,"column":61}}],"line":328},"35":{"loc":{"start":{"line":342,"column":12},"end":{"line":344,"column":13}},"type":"if","locations":[{"start":{"line":342,"column":12},"end":{"line":344,"column":13}},{"start":{},"end":{}}],"line":342},"36":{"loc":{"start":{"line":347,"column":12},"end":{"line":353,"column":13}},"type":"if","locations":[{"start":{"line":347,"column":12},"end":{"line":353,"column":13}},{"start":{"line":349,"column":19},"end":{"line":353,"column":13}}],"line":347},"37":{"loc":{"start":{"line":349,"column":19},"end":{"line":353,"column":13}},"type":"if","locations":[{"start":{"line":349,"column":19},"end":{"line":353,"column":13}},{"start":{"line":351,"column":19},"end":{"line":353,"column":13}}],"line":349},"38":{"loc":{"start":{"line":351,"column":19},"end":{"line":353,"column":13}},"type":"if","locations":[{"start":{"line":351,"column":19},"end":{"line":353,"column":13}},{"start":{},"end":{}}],"line":351},"39":{"loc":{"start":{"line":359,"column":20},"end":{"line":363,"column":21}},"type":"if","locations":[{"start":{"line":359,"column":20},"end":{"line":363,"column":21}},{"start":{},"end":{}}],"line":359}},"s":{"0":5,"1":5,"2":5,"3":5,"4":5,"5":3,"6":0,"7":3,"8":28,"9":9,"10":9,"11":5,"12":4,"13":4,"14":4,"15":4,"16":4,"17":2,"18":2,"19":2,"20":2,"21":2,"22":7,"23":7,"24":7,"25":7,"26":3,"27":4,"28":4,"29":4,"30":4,"31":4,"32":1,"33":1,"34":1,"35":3,"36":3,"37":4,"38":5,"39":5,"40":1,"41":4,"42":4,"43":4,"44":4,"45":0,"46":4,"47":4,"48":1,"49":7,"50":7,"51":3,"52":4,"53":4,"54":4,"55":4,"56":4,"57":2,"58":2,"59":2,"60":2,"61":2,"62":5,"63":5,"64":5,"65":1,"66":4,"67":4,"68":4,"69":4,"70":4,"71":4,"72":2,"73":2,"74":2,"75":2,"76":2,"77":3,"78":4,"79":4,"80":1,"81":3,"82":3,"83":3,"84":3,"85":3,"86":1,"87":1,"88":1,"89":2,"90":3,"91":1,"92":5,"93":5,"94":5,"95":5,"96":5,"97":5,"98":1,"99":1,"100":1,"101":4,"102":4,"103":4,"104":4,"105":1,"106":6,"107":6,"108":1,"109":5,"110":5,"111":5,"112":5,"113":5,"114":1,"115":1,"116":1,"117":4,"118":5,"119":1,"120":5,"121":5,"122":1,"123":4,"124":4,"125":4,"126":4,"127":4,"128":1,"129":1,"130":1,"131":3,"132":3,"133":2,"134":4,"135":4,"136":1,"137":3,"138":3,"139":3,"140":3,"141":3,"142":1,"143":1,"144":1,"145":2,"146":2,"147":2,"148":6,"149":6,"150":3,"151":3,"152":3,"153":3,"154":3,"155":3,"156":1,"157":1,"158":1,"159":2,"160":2,"161":4,"162":72,"163":72,"164":1,"165":71,"166":23,"167":48,"168":23,"169":25,"170":23,"171":71,"172":71,"173":71,"174":71,"175":1,"176":1,"177":1,"178":70,"179":70,"180":2,"181":91,"182":5,"183":5,"184":5,"185":0,"186":5},"f":{"0":3,"1":28,"2":9,"3":4,"4":4,"5":7,"6":4,"7":4,"8":5,"9":4,"10":4,"11":7,"12":4,"13":4,"14":5,"15":4,"16":4,"17":4,"18":3,"19":3,"20":5,"21":5,"22":5,"23":6,"24":5,"25":5,"26":5,"27":4,"28":4,"29":4,"30":3,"31":3,"32":6,"33":3,"34":3,"35":72,"36":71,"37":71,"38":91,"39":5},"b":{"0":[0,3],"1":[0,28],"2":[5,4],"3":[9,8,7,6,5,5],"4":[2,2],"5":[0,2],"6":[3,4],"7":[7,5],"8":[1,3],"9":[1,4],"10":[0,4],"11":[3,4],"12":[7,6,5],"13":[2,2],"14":[0,2],"15":[1,4],"16":[5,5,5,4,4,4,4,4],"17":[2,2],"18":[2,2],"19":[1,3],"20":[1,2],"21":[1,4],"22":[1,3],"23":[1,5],"24":[1,4],"25":[1,4],"26":[1,3],"27":[1,3],"28":[4,3],"29":[1,2],"30":[0,2],"31":[3,3],"32":[6,5,4],"33":[1,2],"34":[0,2],"35":[1,71],"36":[23,48],"37":[23,25],"38":[23,2],"39":[1,70]},"_coverageSchema":"1a1c01bbd47fc00a2c39e90264f33305004495a9","hash":"74f97aacb4f2d60b70107417316ea8a96cd9cf92"}
,"C:\\Users\\khuong\\OneDrive - University Of Houston\\Documents\\COSC4353\\SWD42\\server\\server.js": {"path":"C:\\Users\\khuong\\OneDrive - University Of Houston\\Documents\\COSC4353\\SWD42\\server\\server.js","statementMap":{"0":{"start":{"line":1,"column":16},"end":{"line":1,"column":34}},"1":{"start":{"line":2,"column":12},"end":{"line":2,"column":21}},"2":{"start":{"line":3,"column":13},"end":{"line":3,"column":28}},"3":{"start":{"line":4,"column":13},"end":{"line":4,"column":36}},"4":{"start":{"line":5,"column":18},"end":{"line":5,"column":33}},"5":{"start":{"line":7,"column":0},"end":{"line":7,"column":16}},"6":{"start":{"line":8,"column":0},"end":{"line":8,"column":19}},"7":{"start":{"line":9,"column":0},"end":{"line":9,"column":24}},"8":{"start":{"line":10,"column":0},"end":{"line":10,"column":49}},"9":{"start":{"line":14,"column":0},"end":{"line":29,"column":3}},"10":{"start":{"line":15,"column":15},"end":{"line":15,"column":47}},"11":{"start":{"line":16,"column":90},"end":{"line":16,"column":98}},"12":{"start":{"line":19,"column":4},"end":{"line":21,"column":5}},"13":{"start":{"line":20,"column":8},"end":{"line":20,"column":89}},"14":{"start":{"line":22,"column":4},"end":{"line":28,"column":5}},"15":{"start":{"line":23,"column":24},"end":{"line":23,"column":123}},"16":{"start":{"line":24,"column":8},"end":{"line":24,"column":39}},"17":{"start":{"line":26,"column":8},"end":{"line":26,"column":61}},"18":{"start":{"line":27,"column":8},"end":{"line":27,"column":67}},"19":{"start":{"line":36,"column":0},"end":{"line":56,"column":3}},"20":{"start":{"line":37,"column":35},"end":{"line":37,"column":43}},"21":{"start":{"line":40,"column":4},"end":{"line":42,"column":5}},"22":{"start":{"line":41,"column":8},"end":{"line":41,"column":88}},"23":{"start":{"line":44,"column":15},"end":{"line":44,"column":47}},"24":{"start":{"line":45,"column":20},"end":{"line":45,"column":59}},"25":{"start":{"line":47,"column":4},"end":{"line":55,"column":11}},"26":{"start":{"line":49,"column":12},"end":{"line":50,"column":70}},"27":{"start":{"line":50,"column":16},"end":{"line":50,"column":70}},"28":{"start":{"line":51,"column":12},"end":{"line":51,"column":85}},"29":{"start":{"line":54,"column":12},"end":{"line":54,"column":66}},"30":{"start":{"line":59,"column":0},"end":{"line":82,"column":3}},"31":{"start":{"line":60,"column":48},"end":{"line":60,"column":56}},"32":{"start":{"line":63,"column":4},"end":{"line":65,"column":5}},"33":{"start":{"line":64,"column":8},"end":{"line":64,"column":102}},"34":{"start":{"line":67,"column":15},"end":{"line":67,"column":47}},"35":{"start":{"line":69,"column":4},"end":{"line":81,"column":5}},"36":{"start":{"line":70,"column":31},"end":{"line":70,"column":69}},"37":{"start":{"line":71,"column":8},"end":{"line":73,"column":9}},"38":{"start":{"line":72,"column":12},"end":{"line":72,"column":77}},"39":{"start":{"line":74,"column":35},"end":{"line":74,"column":89}},"40":{"start":{"line":75,"column":8},"end":{"line":77,"column":9}},"41":{"start":{"line":76,"column":12},"end":{"line":76,"column":85}},"42":{"start":{"line":79,"column":8},"end":{"line":79,"column":29}},"43":{"start":{"line":80,"column":8},"end":{"line":80,"column":74}},"44":{"start":{"line":89,"column":0},"end":{"line":111,"column":3}},"45":{"start":{"line":90,"column":91},"end":{"line":90,"column":99}},"46":{"start":{"line":93,"column":4},"end":{"line":95,"column":5}},"47":{"start":{"line":94,"column":8},"end":{"line":94,"column":77}},"48":{"start":{"line":97,"column":15},"end":{"line":97,"column":47}},"49":{"start":{"line":99,"column":4},"end":{"line":110,"column":5}},"50":{"start":{"line":100,"column":29},"end":{"line":100,"column":124}},"51":{"start":{"line":101,"column":8},"end":{"line":106,"column":9}},"52":{"start":{"line":102,"column":38},"end":{"line":102,"column":73}},"53":{"start":{"line":103,"column":12},"end":{"line":105,"column":13}},"54":{"start":{"line":104,"column":16},"end":{"line":104,"column":111}},"55":{"start":{"line":108,"column":8},"end":{"line":108,"column":29}},"56":{"start":{"line":109,"column":8},"end":{"line":109,"column":74}},"57":{"start":{"line":116,"column":0},"end":{"line":138,"column":3}},"58":{"start":{"line":117,"column":4},"end":{"line":137,"column":5}},"59":{"start":{"line":118,"column":25},"end":{"line":118,"column":43}},"60":{"start":{"line":120,"column":8},"end":{"line":122,"column":9}},"61":{"start":{"line":121,"column":12},"end":{"line":121,"column":92}},"62":{"start":{"line":125,"column":19},"end":{"line":125,"column":51}},"63":{"start":{"line":126,"column":28},"end":{"line":126,"column":61}},"64":{"start":{"line":129,"column":8},"end":{"line":131,"column":9}},"65":{"start":{"line":130,"column":12},"end":{"line":130,"column":79}},"66":{"start":{"line":134,"column":8},"end":{"line":134,"column":49}},"67":{"start":{"line":136,"column":8},"end":{"line":136,"column":74}},"68":{"start":{"line":141,"column":0},"end":{"line":162,"column":3}},"69":{"start":{"line":142,"column":4},"end":{"line":161,"column":5}},"70":{"start":{"line":143,"column":8},"end":{"line":143,"column":48}},"71":{"start":{"line":144,"column":67},"end":{"line":144,"column":75}},"72":{"start":{"line":147,"column":19},"end":{"line":147,"column":51}},"73":{"start":{"line":148,"column":29},"end":{"line":148,"column":99}},"74":{"start":{"line":151,"column":8},"end":{"line":154,"column":9}},"75":{"start":{"line":153,"column":12},"end":{"line":153,"column":85}},"76":{"start":{"line":157,"column":8},"end":{"line":157,"column":52}},"77":{"start":{"line":159,"column":8},"end":{"line":159,"column":29}},"78":{"start":{"line":160,"column":8},"end":{"line":160,"column":74}},"79":{"start":{"line":168,"column":0},"end":{"line":196,"column":3}},"80":{"start":{"line":169,"column":4},"end":{"line":195,"column":5}},"81":{"start":{"line":170,"column":58},"end":{"line":170,"column":67}},"82":{"start":{"line":173,"column":8},"end":{"line":175,"column":9}},"83":{"start":{"line":174,"column":12},"end":{"line":174,"column":78}},"84":{"start":{"line":178,"column":19},"end":{"line":178,"column":51}},"85":{"start":{"line":181,"column":8},"end":{"line":189,"column":9}},"86":{"start":{"line":182,"column":12},"end":{"line":182,"column":66}},"87":{"start":{"line":183,"column":15},"end":{"line":189,"column":9}},"88":{"start":{"line":184,"column":12},"end":{"line":184,"column":78}},"89":{"start":{"line":185,"column":15},"end":{"line":189,"column":9}},"90":{"start":{"line":186,"column":12},"end":{"line":186,"column":60}},"91":{"start":{"line":188,"column":12},"end":{"line":188,"column":60}},"92":{"start":{"line":192,"column":8},"end":{"line":192,"column":49}},"93":{"start":{"line":194,"column":8},"end":{"line":194,"column":74}},"94":{"start":{"line":201,"column":15},"end":{"line":203,"column":2}},"95":{"start":{"line":202,"column":4},"end":{"line":202,"column":53}},"96":{"start":{"line":205,"column":20},"end":{"line":209,"column":1}},"97":{"start":{"line":206,"column":4},"end":{"line":208,"column":7}},"98":{"start":{"line":207,"column":8},"end":{"line":207,"column":37}},"99":{"start":{"line":211,"column":0},"end":{"line":211,"column":38}}},"fnMap":{"0":{"name":"(anonymous_0)","decl":{"start":{"line":14,"column":36},"end":{"line":14,"column":37}},"loc":{"start":{"line":14,"column":56},"end":{"line":29,"column":1}},"line":14},"1":{"name":"(anonymous_1)","decl":{"start":{"line":36,"column":23},"end":{"line":36,"column":24}},"loc":{"start":{"line":36,"column":43},"end":{"line":56,"column":1}},"line":36},"2":{"name":"(anonymous_2)","decl":{"start":{"line":48,"column":14},"end":{"line":48,"column":15}},"loc":{"start":{"line":48,"column":24},"end":{"line":52,"column":9}},"line":48},"3":{"name":"(anonymous_3)","decl":{"start":{"line":53,"column":15},"end":{"line":53,"column":16}},"loc":{"start":{"line":53,"column":24},"end":{"line":55,"column":9}},"line":53},"4":{"name":"(anonymous_4)","decl":{"start":{"line":59,"column":27},"end":{"line":59,"column":28}},"loc":{"start":{"line":59,"column":47},"end":{"line":82,"column":1}},"line":59},"5":{"name":"(anonymous_5)","decl":{"start":{"line":89,"column":29},"end":{"line":89,"column":30}},"loc":{"start":{"line":89,"column":49},"end":{"line":111,"column":1}},"line":89},"6":{"name":"(anonymous_6)","decl":{"start":{"line":116,"column":24},"end":{"line":116,"column":25}},"loc":{"start":{"line":116,"column":44},"end":{"line":138,"column":1}},"line":116},"7":{"name":"(anonymous_7)","decl":{"start":{"line":141,"column":31},"end":{"line":141,"column":32}},"loc":{"start":{"line":141,"column":51},"end":{"line":162,"column":1}},"line":141},"8":{"name":"(anonymous_8)","decl":{"start":{"line":168,"column":24},"end":{"line":168,"column":25}},"loc":{"start":{"line":168,"column":44},"end":{"line":196,"column":1}},"line":168},"9":{"name":"(anonymous_9)","decl":{"start":{"line":201,"column":32},"end":{"line":201,"column":33}},"loc":{"start":{"line":201,"column":38},"end":{"line":203,"column":1}},"line":201},"10":{"name":"(anonymous_10)","decl":{"start":{"line":205,"column":20},"end":{"line":205,"column":21}},"loc":{"start":{"line":205,"column":26},"end":{"line":209,"column":1}},"line":205},"11":{"name":"(anonymous_11)","decl":{"start":{"line":206,"column":17},"end":{"line":206,"column":18}},"loc":{"start":{"line":206,"column":23},"end":{"line":208,"column":5}},"line":206}},"branchMap":{"0":{"loc":{"start":{"line":4,"column":13},"end":{"line":4,"column":36}},"type":"binary-expr","locations":[{"start":{"line":4,"column":13},"end":{"line":4,"column":29}},{"start":{"line":4,"column":33},"end":{"line":4,"column":36}}],"line":4},"1":{"loc":{"start":{"line":19,"column":4},"end":{"line":21,"column":5}},"type":"if","locations":[{"start":{"line":19,"column":4},"end":{"line":21,"column":5}},{"start":{},"end":{}}],"line":19},"2":{"loc":{"start":{"line":19,"column":8},"end":{"line":19,"column":84}},"type":"binary-expr","locations":[{"start":{"line":19,"column":8},"end":{"line":19,"column":15}},{"start":{"line":19,"column":19},"end":{"line":19,"column":32}},{"start":{"line":19,"column":36},"end":{"line":19,"column":52}},{"start":{"line":19,"column":56},"end":{"line":19,"column":71}},{"start":{"line":19,"column":75},"end":{"line":19,"column":84}}],"line":19},"3":{"loc":{"start":{"line":40,"column":4},"end":{"line":42,"column":5}},"type":"if","locations":[{"start":{"line":40,"column":4},"end":{"line":42,"column":5}},{"start":{},"end":{}}],"line":40},"4":{"loc":{"start":{"line":40,"column":8},"end":{"line":40,"column":30}},"type":"binary-expr","locations":[{"start":{"line":40,"column":8},"end":{"line":40,"column":17}},{"start":{"line":40,"column":21},"end":{"line":40,"column":30}}],"line":40},"5":{"loc":{"start":{"line":49,"column":12},"end":{"line":50,"column":70}},"type":"if","locations":[{"start":{"line":49,"column":12},"end":{"line":50,"column":70}},{"start":{},"end":{}}],"line":49},"6":{"loc":{"start":{"line":63,"column":4},"end":{"line":65,"column":5}},"type":"if","locations":[{"start":{"line":63,"column":4},"end":{"line":65,"column":5}},{"start":{},"end":{}}],"line":63},"7":{"loc":{"start":{"line":63,"column":8},"end":{"line":63,"column":59}},"type":"binary-expr","locations":[{"start":{"line":63,"column":8},"end":{"line":63,"column":17}},{"start":{"line":63,"column":21},"end":{"line":63,"column":30}},{"start":{"line":63,"column":34},"end":{"line":63,"column":59}}],"line":63},"8":{"loc":{"start":{"line":71,"column":8},"end":{"line":73,"column":9}},"type":"if","locations":[{"start":{"line":71,"column":8},"end":{"line":73,"column":9}},{"start":{},"end":{}}],"line":71},"9":{"loc":{"start":{"line":75,"column":8},"end":{"line":77,"column":9}},"type":"if","locations":[{"start":{"line":75,"column":8},"end":{"line":77,"column":9}},{"start":{},"end":{}}],"line":75},"10":{"loc":{"start":{"line":93,"column":4},"end":{"line":95,"column":5}},"type":"if","locations":[{"start":{"line":93,"column":4},"end":{"line":95,"column":5}},{"start":{},"end":{}}],"line":93},"11":{"loc":{"start":{"line":93,"column":8},"end":{"line":93,"column":94}},"type":"binary-expr","locations":[{"start":{"line":93,"column":8},"end":{"line":93,"column":17}},{"start":{"line":93,"column":21},"end":{"line":93,"column":27}},{"start":{"line":93,"column":31},"end":{"line":93,"column":37}},{"start":{"line":93,"column":41},"end":{"line":93,"column":50}},{"start":{"line":93,"column":54},"end":{"line":93,"column":59}},{"start":{"line":93,"column":63},"end":{"line":93,"column":69}},{"start":{"line":93,"column":73},"end":{"line":93,"column":81}},{"start":{"line":93,"column":85},"end":{"line":93,"column":94}}],"line":93},"12":{"loc":{"start":{"line":101,"column":8},"end":{"line":106,"column":9}},"type":"if","locations":[{"start":{"line":101,"column":8},"end":{"line":106,"column":9}},{"start":{},"end":{}}],"line":101},"13":{"loc":{"start":{"line":103,"column":12},"end":{"line":105,"column":13}},"type":"if","locations":[{"start":{"line":103,"column":12},"end":{"line":105,"column":13}},{"start":{},"end":{}}],"line":103},"14":{"loc":{"start":{"line":120,"column":8},"end":{"line":122,"column":9}},"type":"if","locations":[{"start":{"line":120,"column":8},"end":{"line":122,"column":9}},{"start":{},"end":{}}],"line":120},"15":{"loc":{"start":{"line":129,"column":8},"end":{"line":131,"column":9}},"type":"if","locations":[{"start":{"line":129,"column":8},"end":{"line":131,"column":9}},{"start":{},"end":{}}],"line":129},"16":{"loc":{"start":{"line":151,"column":8},"end":{"line":154,"column":9}},"type":"if","locations":[{"start":{"line":151,"column":8},"end":{"line":154,"column":9}},{"start":{},"end":{}}],"line":151},"17":{"loc":{"start":{"line":173,"column":8},"end":{"line":175,"column":9}},"type":"if","locations":[{"start":{"line":173,"column":8},"end":{"line":175,"column":9}},{"start":{},"end":{}}],"line":173},"18":{"loc":{"start":{"line":181,"column":8},"end":{"line":189,"column":9}},"type":"if","locations":[{"start":{"line":181,"column":8},"end":{"line":189,"column":9}},{"start":{"line":183,"column":15},"end":{"line":189,"column":9}}],"line":181},"19":{"loc":{"start":{"line":183,"column":15},"end":{"line":189,"column":9}},"type":"if","locations":[{"start":{"line":183,"column":15},"end":{"line":189,"column":9}},{"start":{"line":185,"column":15},"end":{"line":189,"column":9}}],"line":183},"20":{"loc":{"start":{"line":183,"column":19},"end":{"line":183,"column":39}},"type":"binary-expr","locations":[{"start":{"line":183,"column":19},"end":{"line":183,"column":28}},{"start":{"line":183,"column":32},"end":{"line":183,"column":39}}],"line":183},"21":{"loc":{"start":{"line":185,"column":15},"end":{"line":189,"column":9}},"type":"if","locations":[{"start":{"line":185,"column":15},"end":{"line":189,"column":9}},{"start":{"line":187,"column":15},"end":{"line":189,"column":9}}],"line":185}},"s":{"0":1,"1":1,"2":1,"3":1,"4":1,"5":1,"6":1,"7":1,"8":1,"9":1,"10":3,"11":3,"12":3,"13":1,"14":2,"15":2,"16":1,"17":1,"18":1,"19":1,"20":3,"21":3,"22":1,"23":2,"24":2,"25":2,"26":2,"27":1,"28":1,"29":1,"30":1,"31":4,"32":4,"33":1,"34":3,"35":3,"36":3,"37":3,"38":1,"39":2,"40":1,"41":1,"42":1,"43":1,"44":1,"45":3,"46":3,"47":1,"48":2,"49":2,"50":2,"51":1,"52":1,"53":1,"54":1,"55":1,"56":1,"57":1,"58":3,"59":3,"60":3,"61":1,"62":2,"63":2,"64":2,"65":1,"66":1,"67":0,"68":1,"69":2,"70":2,"71":2,"72":2,"73":2,"74":2,"75":1,"76":1,"77":1,"78":1,"79":1,"80":5,"81":5,"82":5,"83":1,"84":4,"85":4,"86":1,"87":3,"88":1,"89":2,"90":1,"91":1,"92":4,"93":0,"94":1,"95":1,"96":1,"97":1,"98":0,"99":1},"f":{"0":3,"1":3,"2":2,"3":1,"4":4,"5":3,"6":3,"7":2,"8":5,"9":1,"10":1,"11":0},"b":{"0":[1,1],"1":[1,2],"2":[3,2,2,2,2],"3":[1,2],"4":[3,2],"5":[1,1],"6":[1,3],"7":[4,3,3],"8":[1,2],"9":[1,0],"10":[1,2],"11":[3,2,2,2,2,2,2,2],"12":[1,0],"13":[1,0],"14":[1,2],"15":[1,1],"16":[1,1],"17":[1,4],"18":[1,3],"19":[1,2],"20":[3,1],"21":[1,1]},"_coverageSchema":"1a1c01bbd47fc00a2c39e90264f33305004495a9","hash":"e3902afb0e9847062f7297c1685dca5b4169ed22"}
}
