TN:
SF:db.js
FN:21,(anonymous_0)
FN:28,(anonymous_1)
FN:33,(anonymous_2)
FN:41,(anonymous_3)
FN:42,(anonymous_4)
FN:63,(anonymous_5)
FN:73,(anonymous_6)
FN:74,(anonymous_7)
FN:90,(anonymous_8)
FN:97,(anonymous_9)
FN:99,(anonymous_10)
FN:111,(anonymous_11)
FN:121,(anonymous_12)
FN:122,(anonymous_13)
FN:142,(anonymous_14)
FN:152,(anonymous_15)
FN:154,(anonymous_16)
FN:170,(anonymous_17)
FN:180,(anonymous_18)
FN:181,(anonymous_19)
FN:199,(anonymous_20)
FN:205,(anonymous_21)
FN:206,(anonymous_22)
FN:225,(anonymous_23)
FN:237,(anonymous_24)
FN:238,(anonymous_25)
FN:258,(anonymous_26)
FN:268,(anonymous_27)
FN:269,(anonymous_28)
FN:284,(anonymous_29)
FN:294,(anonymous_30)
FN:295,(anonymous_31)
FN:310,(anonymous_32)
FN:320,(anonymous_33)
FN:321,(anonymous_34)
FN:339,(anonymous_35)
FN:356,(anonymous_36)
FN:357,(anonymous_37)
FN:372,(anonymous_38)
FN:376,(anonymous_39)
FNF:40
FNH:40
FNDA:3,(anonymous_0)
FNDA:28,(anonymous_1)
FNDA:9,(anonymous_2)
FNDA:4,(anonymous_3)
FNDA:4,(anonymous_4)
FNDA:7,(anonymous_5)
FNDA:4,(anonymous_6)
FNDA:4,(anonymous_7)
FNDA:5,(anonymous_8)
FNDA:4,(anonymous_9)
FNDA:4,(anonymous_10)
FNDA:7,(anonymous_11)
FNDA:4,(anonymous_12)
FNDA:4,(anonymous_13)
FNDA:5,(anonymous_14)
FNDA:4,(anonymous_15)
FNDA:4,(anonymous_16)
FNDA:4,(anonymous_17)
FNDA:3,(anonymous_18)
FNDA:3,(anonymous_19)
FNDA:5,(anonymous_20)
FNDA:5,(anonymous_21)
FNDA:5,(anonymous_22)
FNDA:6,(anonymous_23)
FNDA:5,(anonymous_24)
FNDA:5,(anonymous_25)
FNDA:5,(anonymous_26)
FNDA:4,(anonymous_27)
FNDA:4,(anonymous_28)
FNDA:4,(anonymous_29)
FNDA:3,(anonymous_30)
FNDA:3,(anonymous_31)
FNDA:6,(anonymous_32)
FNDA:3,(anonymous_33)
FNDA:3,(anonymous_34)
FNDA:72,(anonymous_35)
FNDA:71,(anonymous_36)
FNDA:71,(anonymous_37)
FNDA:91,(anonymous_38)
FNDA:5,(anonymous_39)
DA:1,5
DA:2,5
DA:13,5
DA:21,5
DA:22,3
DA:23,3
DA:29,28
DA:34,9
DA:35,9
DA:36,5
DA:38,4
DA:39,4
DA:41,4
DA:42,4
DA:43,4
DA:44,1
DA:45,1
DA:46,1
DA:48,3
DA:51,3
DA:53,6
DA:54,6
DA:64,7
DA:66,7
DA:67,3
DA:70,4
DA:71,4
DA:73,4
DA:74,4
DA:75,4
DA:76,1
DA:77,1
DA:78,1
DA:80,3
DA:83,3
DA:85,4
DA:91,5
DA:93,5
DA:94,1
DA:97,4
DA:98,4
DA:99,4
DA:100,4
DA:101,4
DA:104,4
DA:106,1
DA:112,7
DA:114,7
DA:115,3
DA:118,4
DA:119,4
DA:121,4
DA:122,4
DA:123,4
DA:124,2
DA:125,2
DA:126,2
DA:128,2
DA:131,2
DA:133,5
DA:143,5
DA:145,5
DA:146,1
DA:149,4
DA:150,4
DA:152,4
DA:153,4
DA:154,4
DA:155,4
DA:156,2
DA:157,2
DA:158,2
DA:160,2
DA:163,2
DA:165,3
DA:171,4
DA:173,4
DA:174,1
DA:177,3
DA:178,3
DA:180,3
DA:181,3
DA:182,3
DA:183,1
DA:184,1
DA:185,1
DA:187,2
DA:190,3
DA:192,1
DA:200,5
DA:202,5
DA:203,5
DA:205,5
DA:206,5
DA:207,5
DA:208,1
DA:209,1
DA:210,1
DA:212,4
DA:216,4
DA:217,4
DA:218,4
DA:220,1
DA:226,6
DA:228,6
DA:229,1
DA:233,5
DA:236,5
DA:237,5
DA:238,5
DA:239,5
DA:240,1
DA:241,1
DA:242,1
DA:244,4
DA:248,5
DA:250,1
DA:259,5
DA:261,5
DA:262,1
DA:265,4
DA:266,4
DA:268,4
DA:269,4
DA:270,4
DA:271,1
DA:272,1
DA:273,1
DA:275,3
DA:278,3
DA:280,2
DA:285,4
DA:287,4
DA:288,1
DA:291,3
DA:292,3
DA:294,3
DA:295,3
DA:296,3
DA:297,1
DA:298,1
DA:299,1
DA:301,2
DA:304,2
DA:306,2
DA:311,6
DA:313,6
DA:314,3
DA:317,3
DA:318,3
DA:320,3
DA:321,3
DA:322,3
DA:323,1
DA:324,1
DA:325,1
DA:327,2
DA:330,2
DA:332,4
DA:340,72
DA:341,72
DA:342,1
DA:346,71
DA:347,23
DA:348,48
DA:349,23
DA:350,25
DA:351,23
DA:354,71
DA:356,71
DA:357,71
DA:358,71
DA:359,1
DA:360,1
DA:361,1
DA:363,70
DA:366,70
DA:368,2
DA:373,91
DA:377,5
DA:378,5
DA:379,5
DA:381,0
DA:386,5
LF:184
LH:183
BRDA:22,0,0,0
BRDA:22,0,1,3
BRDA:29,1,0,0
BRDA:29,1,1,28
BRDA:35,2,0,5
BRDA:35,2,1,4
BRDA:35,3,0,9
BRDA:35,3,1,8
BRDA:35,3,2,7
BRDA:35,3,3,6
BRDA:35,3,4,5
BRDA:35,3,5,5
BRDA:43,4,0,1
BRDA:43,4,1,3
BRDA:51,5,0,0
BRDA:51,5,1,3
BRDA:66,6,0,3
BRDA:66,6,1,4
BRDA:66,7,0,7
BRDA:66,7,1,5
BRDA:75,8,0,1
BRDA:75,8,1,3
BRDA:93,9,0,1
BRDA:93,9,1,4
BRDA:100,10,0,0
BRDA:100,10,1,4
BRDA:114,11,0,3
BRDA:114,11,1,4
BRDA:114,12,0,7
BRDA:114,12,1,6
BRDA:114,12,2,5
BRDA:123,13,0,2
BRDA:123,13,1,2
BRDA:131,14,0,0
BRDA:131,14,1,2
BRDA:145,15,0,1
BRDA:145,15,1,4
BRDA:145,16,0,5
BRDA:145,16,1,5
BRDA:145,16,2,5
BRDA:145,16,3,4
BRDA:145,16,4,4
BRDA:145,16,5,4
BRDA:145,16,6,4
BRDA:145,16,7,4
BRDA:155,17,0,2
BRDA:155,17,1,2
BRDA:160,18,0,2
BRDA:160,18,1,2
BRDA:173,19,0,1
BRDA:173,19,1,3
BRDA:182,20,0,1
BRDA:182,20,1,2
BRDA:207,21,0,1
BRDA:207,21,1,4
BRDA:212,22,0,1
BRDA:212,22,1,3
BRDA:228,23,0,1
BRDA:228,23,1,5
BRDA:239,24,0,1
BRDA:239,24,1,4
BRDA:261,25,0,1
BRDA:261,25,1,4
BRDA:270,26,0,1
BRDA:270,26,1,3
BRDA:287,27,0,1
BRDA:287,27,1,3
BRDA:287,28,0,4
BRDA:287,28,1,3
BRDA:296,29,0,1
BRDA:296,29,1,2
BRDA:301,30,0,0
BRDA:301,30,1,2
BRDA:313,31,0,3
BRDA:313,31,1,3
BRDA:313,32,0,6
BRDA:313,32,1,5
BRDA:313,32,2,4
BRDA:322,33,0,1
BRDA:322,33,1,2
BRDA:327,34,0,0
BRDA:327,34,1,2
BRDA:341,35,0,1
BRDA:341,35,1,71
BRDA:346,36,0,23
BRDA:346,36,1,48
BRDA:348,37,0,23
BRDA:348,37,1,25
BRDA:350,38,0,23
BRDA:350,38,1,2
BRDA:358,39,0,1
BRDA:358,39,1,70
BRF:92
BRH:85
end_of_record
TN:
SF:server.js
FN:14,(anonymous_0)
FN:36,(anonymous_1)
FN:48,(anonymous_2)
FN:53,(anonymous_3)
FN:59,(anonymous_4)
FN:89,(anonymous_5)
FN:116,(anonymous_6)
FN:141,(anonymous_7)
FN:168,(anonymous_8)
FN:201,(anonymous_9)
FN:205,(anonymous_10)
FN:206,(anonymous_11)
FNF:12
FNH:11
FNDA:3,(anonymous_0)
FNDA:3,(anonymous_1)
FNDA:2,(anonymous_2)
FNDA:1,(anonymous_3)
FNDA:4,(anonymous_4)
FNDA:3,(anonymous_5)
FNDA:3,(anonymous_6)
FNDA:2,(anonymous_7)
FNDA:5,(anonymous_8)
FNDA:1,(anonymous_9)
FNDA:1,(anonymous_10)
FNDA:0,(anonymous_11)
DA:1,1
DA:2,1
DA:3,1
DA:4,1
DA:5,1
DA:7,1
DA:8,1
DA:9,1
DA:10,1
DA:14,1
DA:15,3
DA:16,3
DA:19,3
DA:20,1
DA:22,2
DA:23,2
DA:24,2
DA:26,0
DA:27,0
DA:36,1
DA:37,3
DA:40,3
DA:41,1
DA:44,2
DA:45,2
DA:47,2
DA:49,2
DA:50,1
DA:51,1
DA:54,1
DA:59,1
DA:60,4
DA:63,4
DA:64,1
DA:67,3
DA:69,3
DA:70,3
DA:71,3
DA:72,1
DA:74,2
DA:75,1
DA:76,1
DA:79,1
DA:80,1
DA:89,1
DA:90,3
DA:93,3
DA:94,1
DA:97,2
DA:99,2
DA:100,2
DA:101,1
DA:102,1
DA:103,1
DA:104,1
DA:108,1
DA:109,1
DA:116,1
DA:117,3
DA:118,3
DA:120,3
DA:121,1
DA:125,2
DA:126,2
DA:129,2
DA:130,1
DA:134,1
DA:136,0
DA:141,1
DA:142,2
DA:143,2
DA:144,2
DA:147,2
DA:148,2
DA:151,2
DA:153,1
DA:157,1
DA:159,1
DA:160,1
DA:168,1
DA:169,5
DA:170,5
DA:173,5
DA:174,1
DA:178,4
DA:181,4
DA:182,1
DA:183,3
DA:184,1
DA:185,2
DA:186,1
DA:188,1
DA:192,4
DA:194,0
DA:201,1
DA:202,1
DA:205,1
DA:206,1
DA:207,0
DA:211,1
LF:100
LH:95
BRDA:4,0,0,1
BRDA:4,0,1,1
BRDA:19,1,0,1
BRDA:19,1,1,2
BRDA:19,2,0,3
BRDA:19,2,1,2
BRDA:19,2,2,2
BRDA:19,2,3,2
BRDA:19,2,4,2
BRDA:40,3,0,1
BRDA:40,3,1,2
BRDA:40,4,0,3
BRDA:40,4,1,2
BRDA:49,5,0,1
BRDA:49,5,1,1
BRDA:63,6,0,1
BRDA:63,6,1,3
BRDA:63,7,0,4
BRDA:63,7,1,3
BRDA:63,7,2,3
BRDA:71,8,0,1
BRDA:71,8,1,2
BRDA:75,9,0,1
BRDA:75,9,1,0
BRDA:93,10,0,1
BRDA:93,10,1,2
BRDA:93,11,0,3
BRDA:93,11,1,2
BRDA:93,11,2,2
BRDA:93,11,3,2
BRDA:93,11,4,2
BRDA:93,11,5,2
BRDA:93,11,6,2
BRDA:93,11,7,2
BRDA:101,12,0,1
BRDA:101,12,1,0
BRDA:103,13,0,1
BRDA:103,13,1,0
BRDA:120,14,0,1
BRDA:120,14,1,2
BRDA:129,15,0,1
BRDA:129,15,1,1
BRDA:151,16,0,1
BRDA:151,16,1,1
BRDA:173,17,0,1
BRDA:173,17,1,4
BRDA:181,18,0,1
BRDA:181,18,1,3
BRDA:183,19,0,1
BRDA:183,19,1,2
BRDA:183,20,0,3
BRDA:183,20,1,1
BRDA:185,21,0,1
BRDA:185,21,1,1
BRF:54
BRH:51
end_of_record
