TN:
SF:db.js
FN:21,(anonymous_0)
FN:28,(anonymous_1)
FN:33,(anonymous_2)
FN:41,(anonymous_3)
FN:42,(anonymous_4)
FN:61,(anonymous_5)
FN:71,(anonymous_6)
FN:72,(anonymous_7)
FN:88,(anonymous_8)
FN:95,(anonymous_9)
FN:97,(anonymous_10)
FN:109,(anonymous_11)
FN:119,(anonymous_12)
FN:120,(anonymous_13)
FN:140,(anonymous_14)
FN:150,(anonymous_15)
FN:152,(anonymous_16)
FN:168,(anonymous_17)
FN:178,(anonymous_18)
FN:179,(anonymous_19)
FN:197,(anonymous_20)
FN:199,(anonymous_21)
FN:201,(anonymous_22)
FN:221,(anonymous_23)
FN:233,(anonymous_24)
FN:245,(anonymous_25)
FN:260,(anonymous_26)
FN:261,(anonymous_27)
FN:276,(anonymous_28)
FN:280,(anonymous_29)
FNF:30
FNH:22
FNDA:2,(anonymous_0)
FNDA:9,(anonymous_1)
FNDA:0,(anonymous_2)
FNDA:0,(anonymous_3)
FNDA:0,(anonymous_4)
FNDA:7,(anonymous_5)
FNDA:4,(anonymous_6)
FNDA:4,(anonymous_7)
FNDA:5,(anonymous_8)
FNDA:4,(anonymous_9)
FNDA:4,(anonymous_10)
FNDA:7,(anonymous_11)
FNDA:4,(anonymous_12)
FNDA:4,(anonymous_13)
FNDA:5,(anonymous_14)
FNDA:4,(anonymous_15)
FNDA:4,(anonymous_16)
FNDA:4,(anonymous_17)
FNDA:3,(anonymous_18)
FNDA:3,(anonymous_19)
FNDA:0,(anonymous_20)
FNDA:0,(anonymous_21)
FNDA:0,(anonymous_22)
FNDA:0,(anonymous_23)
FNDA:0,(anonymous_24)
FNDA:23,(anonymous_25)
FNDA:22,(anonymous_26)
FNDA:22,(anonymous_27)
FNDA:28,(anonymous_28)
FNDA:2,(anonymous_29)
DA:1,2
DA:2,2
DA:5,2
DA:21,2
DA:22,2
DA:23,2
DA:29,9
DA:34,0
DA:35,0
DA:36,0
DA:38,0
DA:39,0
DA:41,0
DA:42,0
DA:43,0
DA:44,0
DA:45,0
DA:46,0
DA:48,0
DA:51,0
DA:53,0
DA:62,7
DA:64,7
DA:65,3
DA:68,4
DA:69,4
DA:71,4
DA:72,4
DA:73,4
DA:74,1
DA:75,1
DA:76,1
DA:78,3
DA:81,3
DA:83,4
DA:89,5
DA:91,5
DA:92,1
DA:95,4
DA:96,4
DA:97,4
DA:98,4
DA:99,4
DA:102,4
DA:104,1
DA:110,7
DA:112,7
DA:113,3
DA:116,4
DA:117,4
DA:119,4
DA:120,4
DA:121,4
DA:122,2
DA:123,2
DA:124,2
DA:126,2
DA:129,2
DA:131,5
DA:141,5
DA:143,5
DA:144,1
DA:147,4
DA:148,4
DA:150,4
DA:151,4
DA:152,4
DA:153,4
DA:154,2
DA:155,2
DA:156,2
DA:158,2
DA:161,2
DA:163,3
DA:169,4
DA:171,4
DA:172,1
DA:175,3
DA:176,3
DA:178,3
DA:179,3
DA:180,3
DA:181,1
DA:182,1
DA:183,1
DA:185,2
DA:188,3
DA:190,1
DA:198,0
DA:199,0
DA:200,0
DA:201,0
DA:202,0
DA:203,0
DA:204,0
DA:205,0
DA:207,0
DA:210,0
DA:212,0
DA:213,0
DA:222,0
DA:223,0
DA:224,0
DA:225,0
DA:227,0
DA:234,0
DA:235,0
DA:236,0
DA:237,0
DA:239,0
DA:246,23
DA:247,23
DA:248,1
DA:252,22
DA:253,10
DA:255,12
DA:258,22
DA:260,22
DA:261,22
DA:262,22
DA:263,1
DA:264,1
DA:265,1
DA:267,21
DA:270,21
DA:272,2
DA:277,28
DA:281,2
DA:282,2
DA:283,2
DA:285,0
DA:290,2
LF:132
LH:95
BRDA:22,0,0,0
BRDA:22,0,1,2
BRDA:29,1,0,0
BRDA:29,1,1,9
BRDA:35,2,0,0
BRDA:35,2,1,0
BRDA:35,3,0,0
BRDA:35,3,1,0
BRDA:35,3,2,0
BRDA:35,3,3,0
BRDA:35,3,4,0
BRDA:43,4,0,0
BRDA:43,4,1,0
BRDA:51,5,0,0
BRDA:51,5,1,0
BRDA:64,6,0,3
BRDA:64,6,1,4
BRDA:64,7,0,7
BRDA:64,7,1,5
BRDA:73,8,0,1
BRDA:73,8,1,3
BRDA:91,9,0,1
BRDA:91,9,1,4
BRDA:98,10,0,0
BRDA:98,10,1,4
BRDA:112,11,0,3
BRDA:112,11,1,4
BRDA:112,12,0,7
BRDA:112,12,1,6
BRDA:112,12,2,5
BRDA:121,13,0,2
BRDA:121,13,1,2
BRDA:129,14,0,0
BRDA:129,14,1,2
BRDA:143,15,0,1
BRDA:143,15,1,4
BRDA:143,16,0,5
BRDA:143,16,1,5
BRDA:143,16,2,5
BRDA:143,16,3,4
BRDA:143,16,4,4
BRDA:143,16,5,4
BRDA:143,16,6,4
BRDA:143,16,7,4
BRDA:153,17,0,2
BRDA:153,17,1,2
BRDA:158,18,0,2
BRDA:158,18,1,2
BRDA:171,19,0,1
BRDA:171,19,1,3
BRDA:180,20,0,1
BRDA:180,20,1,2
BRDA:202,21,0,0
BRDA:202,21,1,0
BRDA:247,22,0,1
BRDA:247,22,1,22
BRDA:252,23,0,10
BRDA:252,23,1,12
BRDA:262,24,0,1
BRDA:262,24,1,21
BRF:60
BRH:43
end_of_record
TN:
SF:server.js
FN:18,(anonymous_0)
FN:40,(anonymous_1)
FN:52,(anonymous_2)
FN:57,(anonymous_3)
FN:63,(anonymous_4)
FN:93,(anonymous_5)
FN:120,(anonymous_6)
FN:147,(anonymous_7)
FN:151,(anonymous_8)
FN:152,(anonymous_9)
FNF:10
FNH:7
FNDA:0,(anonymous_0)
FNDA:3,(anonymous_1)
FNDA:2,(anonymous_2)
FNDA:1,(anonymous_3)
FNDA:4,(anonymous_4)
FNDA:3,(anonymous_5)
FNDA:0,(anonymous_6)
FNDA:1,(anonymous_7)
FNDA:1,(anonymous_8)
FNDA:0,(anonymous_9)
DA:1,1
DA:2,1
DA:3,1
DA:4,1
DA:5,1
DA:7,1
DA:8,1
DA:9,1
DA:10,1
DA:18,1
DA:19,0
DA:20,0
DA:21,0
DA:24,0
DA:25,0
DA:27,0
DA:28,0
DA:29,0
DA:31,0
DA:32,0
DA:40,1
DA:41,3
DA:44,3
DA:45,1
DA:48,2
DA:49,2
DA:51,2
DA:53,2
DA:54,1
DA:55,1
DA:58,1
DA:63,1
DA:64,4
DA:67,4
DA:68,1
DA:71,3
DA:73,3
DA:74,3
DA:75,3
DA:76,1
DA:78,2
DA:79,1
DA:80,1
DA:83,1
DA:84,1
DA:93,1
DA:94,3
DA:97,3
DA:98,1
DA:101,2
DA:103,2
DA:104,2
DA:105,1
DA:106,1
DA:107,1
DA:108,1
DA:112,1
DA:113,1
DA:120,1
DA:122,0
DA:124,0
DA:126,0
DA:128,0
DA:130,0
DA:132,0
DA:135,0
DA:138,0
DA:140,0
DA:147,1
DA:148,1
DA:151,1
DA:152,1
DA:153,0
DA:157,1
LF:74
LH:54
BRDA:24,0,0,0
BRDA:24,0,1,0
BRDA:24,1,0,0
BRDA:24,1,1,0
BRDA:24,1,2,0
BRDA:24,1,3,0
BRDA:24,1,4,0
BRDA:44,2,0,1
BRDA:44,2,1,2
BRDA:44,3,0,3
BRDA:44,3,1,2
BRDA:53,4,0,1
BRDA:53,4,1,1
BRDA:67,5,0,1
BRDA:67,5,1,3
BRDA:67,6,0,4
BRDA:67,6,1,3
BRDA:67,6,2,3
BRDA:75,7,0,1
BRDA:75,7,1,2
BRDA:79,8,0,1
BRDA:79,8,1,0
BRDA:97,9,0,1
BRDA:97,9,1,2
BRDA:97,10,0,3
BRDA:97,10,1,2
BRDA:97,10,2,2
BRDA:97,10,3,2
BRDA:97,10,4,2
BRDA:97,10,5,2
BRDA:97,10,6,2
BRDA:97,10,7,2
BRDA:105,11,0,1
BRDA:105,11,1,0
BRDA:107,12,0,1
BRDA:107,12,1,0
BRDA:130,13,0,0
BRDA:130,13,1,0
BRF:38
BRH:26
end_of_record
